#                                                                     
# $$\                                                                 
# $$ |                                                                
# $$ |     $$\   $$\ $$$$$$\$$$$\   $$$$$$\  $$$$$$$\                 
# $$ |     $$ |  $$ |$$  _$$  _$$\ $$  __$$\ $$  __$$\                
# $$ |     $$ |  $$ |$$ / $$ / $$ |$$$$$$$$ |$$ |  $$ |               
# $$ |     $$ |  $$ |$$ | $$ | $$ |$$   ____|$$ |  $$ |               
# $$$$$$$$\\$$$$$$  |$$ | $$ | $$ |\$$$$$$$\ $$ |  $$ |               
# \________|\______/ \__| \__| \__| \_______|\__|  \__|               
#                                                                     
#                   Fork Lumen 2.1.0                                  
#                  Branch is bug-fixes                                
#        MPI+OpenMP+SLK+SLEPC+HDF5_MPI_IO Build                       
#               http://www.lumen-code.org                             
#
# Absorption @ Q(1):   1.00000000      0.00000000      0.00000000    [q->0 direction]
#
# [ X ] Hartree size                              :  1
# [GEN] GF Energies                               : Perdew, Burke & Ernzerhof(X)+Perdew, Burke & Ernzerhof(C)
# [GEN] Green`s Function                          : T-ordered
#
# [GEN] Gauge                                     : Length
# [GEN] [r,Vnl] included                          : yes
#
#    E[1] [eV]          Im(eps)            Re(eps)            Im(eps_o)          Re(eps_o)
#
        5.000000           0.590712           1.980747           0.590712           1.980748
        5.037593           0.612307           2.005007           0.612307           2.005007
        5.075188           0.626575           2.024360           0.626575           2.024360
        5.112782           0.634927           2.056028           0.634927           2.056028
        5.150376           0.654908           2.102620           0.654908           2.102620
        5.187970           0.698291           2.152655           0.698290           2.152655
        5.225564           0.766362           2.186450           0.766362           2.186450
        5.263157           0.842202           2.187380           0.842202           2.187380
        5.300752           0.899031           2.155360           0.899031           2.155360
        5.338346           0.912979           2.115139           0.912979           2.115139
        5.375940           0.893176           2.107629           0.893175           2.107629
        5.413534           0.881568           2.145045           0.881568           2.145045
        5.451128           0.903277           2.199074           0.903277           2.199074
        5.488721           0.946811           2.249946           0.946811           2.249946
        5.526316           1.011900           2.303280           1.011900           2.303280
        5.563910           1.115142           2.343049           1.115142           2.343049
        5.601503           1.244343           2.333363           1.244343           2.333363
        5.639097           1.354672           2.260773           1.354673           2.260773
        5.676692           1.401031           2.155330           1.401031           2.155330
        5.714285           1.380243           2.077011           1.380243           2.077011
        5.751880           1.337188           2.060756           1.337187           2.060756
        5.789474           1.319481           2.097842           1.319480           2.097842
        5.827067           1.350078           2.149463           1.350078           2.149463
        5.864661           1.406130           2.184761           1.406130           2.184762
        5.902255           1.469840           2.222138           1.469840           2.222138
        5.939849           1.570326           2.265865           1.570326           2.265865
        5.977444           1.714764           2.272866           1.714765           2.272866
        6.015037           1.854267           2.222772           1.854267           2.222772
        6.052631           1.961033           2.164491           1.961033           2.164491
        6.090225           2.093339           2.125901           2.093339           2.125900
        6.127820           2.283681           2.026240           2.283680           2.026239
        6.165413           2.435604           1.815293           2.435605           1.815293
        6.203007           2.478578           1.579187           2.478577           1.579187
        6.240601           2.463600           1.391932           2.463600           1.391933
        6.278195           2.452474           1.246311           2.452475           1.246311
        6.315789           2.476321           1.092018           2.476320           1.092017
        6.353383           2.496266           0.863690           2.496266           0.863690
        6.390977           2.417784           0.570906           2.417784           0.570906
        6.428571           2.193145           0.311861           2.193145           0.311861
        6.466165           1.886002           0.194545           1.886002           0.194545
        6.503759           1.620829           0.210954           1.620829           0.210954
        6.541353           1.429458           0.276442           1.429458           0.276443
        6.578947           1.286083           0.359066           1.286084           0.359066
        6.616541           1.183681           0.451257           1.183681           0.451257
        6.654135           1.115757           0.544154           1.115757           0.544154
        6.691729           1.078920           0.633399           1.078920           0.633399
        6.729323           1.071156           0.713216           1.071156           0.713216
        6.766917           1.091043           0.774812           1.091043           0.774812
        6.804511           1.131944           0.806266           1.131944           0.806266
        6.842104           1.176119           0.792942           1.176119           0.792941
        6.879699           1.186739           0.742333           1.186739           0.742333
        6.917293           1.151776           0.693456           1.151776           0.693456
        6.954887           1.091851           0.673499           1.091851           0.673499
        6.992481           1.034585           0.683316           1.034585           0.683317
        7.030074           0.990477           0.708360           0.990477           0.708360
        7.067669           0.959384           0.743026           0.959384           0.743025
        7.105263           0.947406           0.782331           0.947406           0.782331
        7.142857           0.955010           0.813785           0.955010           0.813785
        7.180451           0.975646           0.827023           0.975646           0.827023
        7.218045           0.992214           0.814237           0.992214           0.814237
        7.255639           0.984983           0.790265           0.984983           0.790265
        7.293232           0.955135           0.778257           0.955135           0.778257
        7.330826           0.923158           0.797177           0.923158           0.797177
        7.368421           0.924538           0.833236           0.924538           0.833236
        7.406014           0.956956           0.845128           0.956956           0.845128
        7.443608           0.986527           0.821045           0.986527           0.821045
        7.481203           0.988756           0.777474           0.988756           0.777474
        7.518797           0.964029           0.744815           0.964029           0.744815
        7.556391           0.938351           0.729396           0.938351           0.729396
        7.593984           0.917885           0.712479           0.917885           0.712479
        7.631578           0.881935           0.689965           0.881935           0.689965
        7.669173           0.826705           0.693542           0.826705           0.693542
        7.706767           0.791571           0.733217           0.791571           0.733217
        7.744360           0.800240           0.775815           0.800240           0.775815
        7.781955           0.841604           0.784020           0.841604           0.784020
        7.819549           0.874653           0.738437           0.874653           0.738437
        7.857142           0.856726           0.669367           0.856726           0.669367
        7.894736           0.795778           0.621626           0.795778           0.621626
        7.932330           0.718897           0.610588           0.718897           0.610589
        7.969924           0.652261           0.632796           0.652261           0.632796
        8.007519           0.607639           0.666710           0.607639           0.666710
        8.045113           0.574125           0.699073           0.574125           0.699073
        8.082706           0.544601           0.734228           0.544601           0.734228
        8.120299           0.521557           0.775522           0.521557           0.775522
        8.157894           0.510601           0.823278           0.510601           0.823278
        8.195488           0.517992           0.869602           0.517993           0.869602
        8.233082           0.540620           0.903359           0.540620           0.903359
        8.270677           0.569388           0.916845           0.569388           0.916845
        8.308270           0.586753           0.909728           0.586753           0.909728
        8.345864           0.581913           0.902509           0.581913           0.902509
        8.383458           0.570320           0.911807           0.570320           0.911807
        8.421052           0.569320           0.931625           0.569320           0.931625
        8.458646           0.583096           0.947536           0.583096           0.947536
        8.496240           0.603392           0.946150           0.603391           0.946150
        8.533834           0.610026           0.926677           0.610026           0.926677
        8.571428           0.593937           0.909811           0.593937           0.909811
        8.609021           0.566075           0.908046           0.566075           0.908046
        8.646616           0.535802           0.926942           0.535802           0.926942
        8.684210           0.521735           0.967110           0.521735           0.967110
        8.721804           0.539076           1.008798           0.539076           1.008798
        8.759398           0.580217           1.023666           0.580217           1.023666
        8.796992           0.612886           0.999372           0.612886           0.999372
        8.834586           0.605991           0.957808           0.605991           0.957808
        8.872180           0.559235           0.938973           0.559235           0.938973
        8.909773           0.506221           0.965880           0.506221           0.965880
        8.947368           0.480121           1.024998           0.480121           1.024998
        8.984962           0.489400           1.091035           0.489400           1.091035
        9.022555           0.528793           1.146631           0.528793           1.146631
        9.060150           0.590815           1.178579           0.590815           1.178579
        9.097744           0.656065           1.173614           0.656065           1.173614
        9.135338           0.693016           1.145998           0.693016           1.145998
        9.172933           0.708306           1.136068           0.708306           1.136068
        9.210526           0.744684           1.142456           0.744684           1.142456
        9.248120           0.807882           1.120420           0.807881           1.120420
        9.285713           0.851328           1.049783           0.851328           1.049783
        9.323307           0.835210           0.973010           0.835210           0.973010
        9.360902           0.787332           0.945885           0.787332           0.945885
        9.398496           0.768458           0.964450           0.768458           0.964450
        9.436090           0.801417           0.975219           0.801417           0.975219
        9.473684           0.850120           0.933572           0.850120           0.933572
        9.511277           0.861122           0.851885           0.861122           0.851885
        9.548872           0.823492           0.773389           0.823492           0.773388
        9.586466           0.754414           0.723279           0.754414           0.723279
        9.624060           0.677902           0.711656           0.677902           0.711656
        9.661654           0.617126           0.727179           0.617126           0.727179
        9.699247           0.571941           0.752610           0.571941           0.752610
        9.736841           0.540315           0.788143           0.540315           0.788143
        9.774436           0.532638           0.826351           0.532638           0.826351
        9.812029           0.544329           0.844979           0.544329           0.844979
        9.849624           0.547786           0.838796           0.547786           0.838796
        9.887218           0.529159           0.831046           0.529159           0.831046
        9.924811           0.500341           0.839709           0.500341           0.839709
        9.962406           0.478747           0.865756           0.478747           0.865756
        9.999999           0.475465           0.896732           0.475465           0.896732
        10.03759           0.486078           0.916466           0.486078           0.916466
        10.07519           0.494645           0.921123           0.494645           0.921123
        10.11278           0.491386           0.922631           0.491386           0.922631
        10.15038           0.483334           0.933535           0.483334           0.933535
        10.18797           0.482193           0.951084           0.482193           0.951084
        10.22556           0.488978           0.967488           0.488978           0.967488
        10.26316           0.501843           0.979617           0.501842           0.979617
        10.30075           0.517985           0.983132           0.517985           0.983132
        10.33835           0.529999           0.979215           0.529999           0.979215
        10.37594           0.538511           0.973641           0.538511           0.973641
        10.41353           0.544841           0.963870           0.544841           0.963870
        10.45113           0.544516           0.952436           0.544516           0.952436
        10.48872           0.541313           0.941853           0.541313           0.941853
        10.52631           0.531367           0.928105           0.531367           0.928105
        10.56391           0.508826           0.922183           0.508826           0.922183
        10.60150           0.487582           0.933176           0.487581           0.933176
        10.63910           0.479216           0.950083           0.479216           0.950083
        10.67669           0.477873           0.961078           0.477873           0.961078
        10.71428           0.473292           0.968798           0.473292           0.968798
        10.75188           0.467656           0.981920           0.467656           0.981920
        10.78947           0.468622           0.997528           0.468622           0.997527
        10.82707           0.472881           1.009194           0.472881           1.009194
        10.86466           0.474570           1.020391           0.474570           1.020391
        10.90225           0.477792           1.039093           0.477792           1.039093
        10.93985           0.494641           1.062144           0.494641           1.062144
        10.97744           0.528161           1.075109           0.528161           1.075109
        11.01504           0.567293           1.064393           0.567293           1.064393
        11.05263           0.590267           1.031300           0.590267           1.031300
        11.09022           0.586770           0.997284           0.586770           0.997284
        11.12782           0.569827           0.979365           0.569827           0.979365
        11.16541           0.555346           0.974597           0.555346           0.974597
        11.20301           0.545499           0.973091           0.545499           0.973091
        11.24060           0.536154           0.973819           0.536154           0.973819
        11.27819           0.530077           0.978138           0.530077           0.978138
        11.31579           0.528209           0.980720           0.528209           0.980720
        11.35338           0.524763           0.980669           0.524763           0.980669
        11.39098           0.519389           0.982760           0.519389           0.982760
        11.42857           0.514854           0.987472           0.514854           0.987472
        11.46616           0.513520           0.994406           0.513519           0.994406
        11.50376           0.516904           0.998408           0.516904           0.998408
        11.54135           0.518092           0.996930           0.518092           0.996930
        11.57895           0.514168           0.996230           0.514168           0.996230
        11.61654           0.508548           0.999239           0.508548           0.999239
        11.65413           0.503163           1.006178           0.503163           1.006178
        11.69173           0.501378           1.017795           0.501379           1.017795
        11.72932           0.507399           1.029339           0.507399           1.029339
        11.76692           0.517727           1.034133           0.517727           1.034133
        11.80451           0.525509           1.032440           0.525509           1.032440
        11.84210           0.527837           1.028839           0.527838           1.028839
        11.87970           0.525493           1.027207           0.525493           1.027207
        11.91729           0.520711           1.030643           0.520711           1.030643
        11.95489           0.518443           1.039491           0.518443           1.039491
        11.99248           0.521122           1.050661           0.521122           1.050661
        12.03007           0.529927           1.060293           0.529927           1.060293
        12.06767           0.541014           1.063524           0.541014           1.063524
        12.10526           0.546729           1.061900           0.546729           1.061900
        12.14286           0.545564           1.066317           0.545564           1.066317
        12.18045           0.550551           1.080273           0.550551           1.080273
        12.21804           0.566450           1.092324           0.566450           1.092324
        12.25564           0.587022           1.097273           0.587023           1.097273
        12.29323           0.608137           1.095595           0.608137           1.095595
        12.33083           0.628111           1.089026           0.628111           1.089026
        12.36842           0.645938           1.077373           0.645938           1.077373
        12.40601           0.659759           1.062713           0.659759           1.062713
        12.44361           0.670473           1.045688           0.670473           1.045688
        12.48120           0.675541           1.025495           0.675541           1.025495
        12.51880           0.671429           1.008466           0.671429           1.008466
        12.55639           0.666686           1.000451           0.666686           1.000451
        12.59398           0.666413           0.994364           0.666413           0.994364
        12.63158           0.667906           0.988240           0.667906           0.988240
        12.66917           0.673054           0.980112           0.673054           0.980112
        12.70677           0.677764           0.964032           0.677764           0.964032
        12.74436           0.671746           0.942179           0.671746           0.942179
        12.78195           0.651757           0.927775           0.651757           0.927775
        12.81955           0.629884           0.930355           0.629884           0.930355
        12.85714           0.619304           0.943917           0.619304           0.943917
        12.89474           0.622350           0.955690           0.622350           0.955690
        12.93233           0.629413           0.957629           0.629413           0.957629
        12.96992           0.631846           0.954815           0.631846           0.954815
        13.00752           0.629482           0.953398           0.629482           0.953398
        13.04511           0.625235           0.958593           0.625234           0.958593
        13.08271           0.628625           0.971553           0.628625           0.971553
        13.12030           0.645228           0.979710           0.645228           0.979710
        13.15789           0.661638           0.974826           0.661638           0.974826
        13.19549           0.670183           0.969328           0.670183           0.969328
        13.23308           0.682191           0.968119           0.682191           0.968119
        13.27067           0.700128           0.960405           0.700128           0.960405
        13.30827           0.714199           0.944733           0.714199           0.944733
        13.34586           0.724259           0.928865           0.724259           0.928865
        13.38346           0.736587           0.910044           0.736587           0.910044
        13.42105           0.745999           0.879692           0.745999           0.879692
        13.45864           0.737891           0.842707           0.737891           0.842707
        13.49624           0.714084           0.817165           0.714084           0.817165
        13.53383           0.688854           0.805297           0.688854           0.805297
        13.57143           0.665585           0.800534           0.665585           0.800534
        13.60902           0.643091           0.803149           0.643091           0.803149
        13.64662           0.626312           0.813591           0.626312           0.813591
        13.68421           0.616865           0.825944           0.616865           0.825944
        13.72180           0.611142           0.839554           0.611142           0.839554
        13.75940           0.611722           0.857002           0.611722           0.857002
        13.79699           0.624282           0.874148           0.624282           0.874148
        13.83459           0.647539           0.880867           0.647539           0.880867
        13.87218           0.670823           0.873351           0.670823           0.873351
        13.90977           0.688437           0.857496           0.688437           0.857496
        13.94737           0.700009           0.834723           0.700009           0.834723
        13.98496           0.699595           0.808268           0.699595           0.808268
        14.02256           0.688617           0.788257           0.688618           0.788257
        14.06015           0.674789           0.776888           0.674789           0.776888
        14.09774           0.662163           0.773048           0.662163           0.773048
        14.13534           0.654426           0.773813           0.654426           0.773813
        14.17293           0.652005           0.776321           0.652005           0.776321
        14.21053           0.656306           0.776704           0.656306           0.776704
        14.24812           0.662917           0.770756           0.662917           0.770756
        14.28571           0.668374           0.759512           0.668374           0.759512
        14.32331           0.669142           0.743469           0.669142           0.743469
        14.36090           0.662297           0.728080           0.662297           0.728080
        14.39849           0.651301           0.719613           0.651301           0.719614
        14.43609           0.645408           0.718346           0.645408           0.718346
        14.47368           0.647949           0.714162           0.647949           0.714162
        14.51128           0.651684           0.701265           0.651684           0.701265
        14.54887           0.648416           0.681501           0.648416           0.681501
        14.58646           0.635167           0.663542           0.635167           0.663542
        14.62406           0.616924           0.653062           0.616924           0.653062
        14.66165           0.600281           0.651376           0.600281           0.651376
        14.69925           0.591831           0.652747           0.591831           0.652746
        14.73684           0.588195           0.647507           0.588195           0.647507
        14.77444           0.577918           0.636535           0.577918           0.636535
        14.81203           0.559788           0.632307           0.559788           0.632307
        14.84962           0.546492           0.638212           0.546492           0.638212
        14.88722           0.543472           0.642914           0.543472           0.642914
        14.92481           0.542867           0.639326           0.542867           0.639326
        14.96240           0.536992           0.631176           0.536992           0.631176
        15.00000           0.526404           0.624693           0.526404           0.624693
        15.03759           0.514819           0.620802           0.514819           0.620802
        15.07519           0.502189           0.617064           0.502189           0.617064
        15.11278           0.485169           0.616599           0.485169           0.616599
        15.15037           0.469624           0.624881           0.469624           0.624881
        15.18797           0.462925           0.636372           0.462925           0.636372
        15.22556           0.463162           0.642887           0.463162           0.642887
        15.26316           0.462486           0.641608           0.462486           0.641608
        15.30075           0.454928           0.639463           0.454928           0.639463
        15.33835           0.446008           0.642856           0.446008           0.642856
        15.37594           0.440951           0.648386           0.440951           0.648386
        15.41353           0.438763           0.651889           0.438763           0.651889
        15.45113           0.435581           0.652547           0.435581           0.652547
        15.48872           0.429781           0.654312           0.429781           0.654312
        15.52632           0.425282           0.658645           0.425282           0.658645
        15.56391           0.422524           0.662258           0.422524           0.662257
        15.60150           0.419545           0.665886           0.419545           0.665886
        15.63910           0.416915           0.670487           0.416915           0.670487
        15.67669           0.416121           0.677708           0.416121           0.677708
        15.71428           0.422014           0.685005           0.422014           0.685005
        15.75188           0.432822           0.685243           0.432822           0.685243
        15.78947           0.442034           0.677047           0.442034           0.677047
        15.82707           0.444798           0.662902           0.444798           0.662902
        15.86466           0.438344           0.648558           0.438344           0.648558
        15.90226           0.425705           0.639926           0.425705           0.639926
        15.93985           0.412110           0.638447           0.412110           0.638447
        15.97744           0.402261           0.642220           0.402261           0.642220
        16.01504           0.397538           0.645883           0.397538           0.645883
        16.05263           0.393725           0.646612           0.393725           0.646612
        16.09023           0.387789           0.647270           0.387789           0.647270
        16.12782           0.382081           0.651547           0.382081           0.651547
        16.16541           0.381908           0.657209           0.381908           0.657209
        16.20301           0.386115           0.657225           0.386115           0.657225
        16.24060           0.386963           0.650367           0.386963           0.650367
        16.27819           0.380996           0.643269           0.380996           0.643269
        16.31579           0.372006           0.639892           0.372006           0.639892
        16.35338           0.362372           0.639386           0.362372           0.639386
        16.39098           0.352676           0.642155           0.352676           0.642155
        16.42857           0.345191           0.647832           0.345191           0.647832
        16.46616           0.340433           0.654733           0.340433           0.654733
        16.50376           0.339178           0.662145           0.339178           0.662145
        16.54135           0.341785           0.666916           0.341785           0.666916
        16.57895           0.344319           0.667122           0.344319           0.667122
        16.61654           0.343891           0.665817           0.343891           0.665817
        16.65413           0.342054           0.666033           0.342054           0.666033
        16.69173           0.341783           0.667668           0.341783           0.667669
        16.72932           0.344435           0.667520           0.344435           0.667520
        16.76692           0.347083           0.662625           0.347083           0.662625
        16.80451           0.345312           0.654132           0.345312           0.654132
        16.84210           0.337448           0.646642           0.337448           0.646642
        16.87970           0.326132           0.644017           0.326132           0.644017
        16.91729           0.315332           0.646958           0.315332           0.646958
        16.95489           0.308275           0.653399           0.308275           0.653399
        16.99248           0.305392           0.660235           0.305392           0.660235
        17.03008           0.305944           0.665634           0.305944           0.665634
        17.06767           0.308770           0.667754           0.308770           0.667754
        17.10526           0.310937           0.665914           0.310937           0.665914
        17.14285           0.310889           0.661973           0.310889           0.661973
        17.18045           0.308055           0.656253           0.308055           0.656253
        17.21804           0.300027           0.651132           0.300027           0.651132
        17.25564           0.288814           0.651461           0.288814           0.651461
        17.29323           0.279740           0.657711           0.279740           0.657711
        17.33083           0.276135           0.666372           0.276135           0.666372
        17.36842           0.277413           0.673064           0.277413           0.673064
        17.40601           0.280878           0.676031           0.280878           0.676031
        17.44361           0.283940           0.674699           0.283940           0.674699
        17.48120           0.283618           0.671189           0.283618           0.671190
        17.51880           0.280871           0.668472           0.280871           0.668472
        17.55639           0.277053           0.666841           0.277053           0.666841
        17.59398           0.273216           0.666166           0.273216           0.666166
        17.63158           0.269206           0.665371           0.269206           0.665371
        17.66917           0.264248           0.665087           0.264248           0.665087
        17.70677           0.258952           0.665834           0.258952           0.665834
        17.74436           0.253340           0.667706           0.253340           0.667706
        17.78195           0.248438           0.671670           0.248438           0.671670
        17.81955           0.246367           0.676236           0.246367           0.676236
        17.85714           0.245939           0.678378           0.245939           0.678378
        17.89474           0.243649           0.678567           0.243649           0.678567
        17.93233           0.239181           0.680334           0.239181           0.680334
        17.96992           0.235773           0.684759           0.235773           0.684759
        18.00752           0.234967           0.689117           0.234967           0.689117
        18.04511           0.234768           0.692116           0.234768           0.692116
        18.08271           0.234899           0.694974           0.234899           0.694974
        18.12030           0.236029           0.696660           0.236029           0.696660
        18.15789           0.236174           0.696722           0.236174           0.696722
        18.19549           0.234870           0.697503           0.234870           0.697503
        18.23308           0.234415           0.699594           0.234415           0.699594
        18.27068           0.235725           0.700930           0.235725           0.700930
        18.30827           0.237135           0.700018           0.237135           0.700018
        18.34586           0.236530           0.697905           0.236530           0.697905
        18.38346           0.234239           0.697031           0.234239           0.697031
        18.42105           0.232436           0.697618           0.232436           0.697618
        18.45864           0.231571           0.698476           0.231571           0.698476
        18.49624           0.231962           0.699367           0.231962           0.699367
        18.53383           0.234198           0.698557           0.234198           0.698557
        18.57143           0.236231           0.694027           0.236231           0.694027
        18.60902           0.234568           0.686439           0.234568           0.686439
        18.64661           0.227295           0.679671           0.227295           0.679671
        18.68421           0.217066           0.678028           0.217066           0.678028
        18.72180           0.208907           0.680987           0.208907           0.680987
        18.75940           0.204431           0.684674           0.204431           0.684674
        18.79699           0.201319           0.685774           0.201319           0.685774
        18.83459           0.195283           0.685912           0.195283           0.685912
        18.87218           0.187598           0.689512           0.187598           0.689512
        18.90977           0.182207           0.696252           0.182207           0.696252
        18.94737           0.180000           0.703209           0.180000           0.703209
        18.98496           0.179546           0.709019           0.179546           0.709019
        19.02256           0.180075           0.713720           0.180075           0.713720
        19.06015           0.180943           0.716943           0.180944           0.716943
        19.09774           0.180754           0.719438           0.180754           0.719438
        19.13534           0.180405           0.723149           0.180405           0.723149
        19.17293           0.181850           0.726930           0.181850           0.726930
        19.21053           0.184011           0.729077           0.184011           0.729077
        19.24812           0.185401           0.730404           0.185401           0.730404
        19.28571           0.186862           0.732320           0.186862           0.732320
        19.32331           0.190110           0.733691           0.190110           0.733691
        19.36090           0.194037           0.731939           0.194037           0.731939
        19.39849           0.195105           0.727363           0.195105           0.727363
        19.43609           0.192300           0.723721           0.192300           0.723721
        19.47368           0.188471           0.722983           0.188471           0.722983
        19.51128           0.185458           0.723840           0.185458           0.723840
        19.54887           0.183381           0.725716           0.183381           0.725716
        19.58647           0.183479           0.727574           0.183479           0.727574
        19.62406           0.184327           0.726316           0.184327           0.726316
        19.66165           0.181326           0.723326           0.181326           0.723326
        19.69925           0.175142           0.723795           0.175142           0.723795
        19.73684           0.170286           0.728546           0.170286           0.728546
        19.77444           0.169148           0.735006           0.169148           0.735006
        19.81203           0.171719           0.740084           0.171719           0.740084
        19.84962           0.175607           0.741610           0.175607           0.741610
        19.88722           0.177382           0.740190           0.177382           0.740190
        19.92481           0.175540           0.739602           0.175540           0.739602
        19.96240           0.173464           0.743267           0.173464           0.743267
        20.00000           0.175929           0.749161           0.175929           0.749161
# 
# 06/09/2026 at 15:13 yambo @ compute-8-05 [start]
# 06/09/2026 at 15:13                      [end]
#  
# Timing   [Min/Max/Average]: 32s/32s/32s
#
# .-Input file  IPA-6.in
# | optics                           # [R] Linear Response optical properties
# | dipoles                          # [R] Oscillator strenghts (or dipoles)
# | kernel                           # [R] Kernel
# | chi                              # [R][CHI] Dyson equation for Chi.
# | BoseTemp= 0.000000         eV    # Bosonic Temperature
# | DIP_CPU= "4.2.2"                 # [PARALLEL] CPUs for each role
# | DIP_ROLEs= "v.c.k"               # [PARALLEL] CPUs roles (k,c,v)
# | DIP_Threads= 20                  # [OPENMP/X] Number of threads for dipoles
# | X_CPU= "4.2.2.1"                 # [PARALLEL] CPUs for each role
# | X_ROLEs= "c.v.k.q"               # [PARALLEL] CPUs roles (q,g,k,c,v)
# | X_nCPU_LinAlg_INV=  4            # [PARALLEL] CPUs for Linear Algebra (if -1 it is automatically set)
# | X_Threads= 20                    # [OPENMP/X] Number of threads for response functions
# | Chimod= "HARTREE"                # [X] IP/Hartree/ALDA/LRC/PF/BSfxc
# | DipComputed= "R V P [G-space]"   # [DIP] [default R P V; extra P2 Spin Orb]
# | NGsBlkXd= 1                RL    # [Xd] Response block size
# | % QpntsRXd
# |  1 | 1 |                             # [Xd] Transferred momenta
# | %
# | % BndsRnXd
# |    1 | 120 |                         # [Xd] Polarization function bands
# | %
# | % EnRngeXd
# |   5.00000 | 20.00000 |         eV    # [Xd] Energy range
# | %
# | % DmRngeXd
# |  0.100000 | 0.100000 |         eV    # [Xd] Damping range
# | %
# | ETStpsXd=  400                   # [Xd] Total Energy steps
# | % LongDrXd
# |  1.000000 | 0.000000 | 0.000000 |        # [Xd] [cc] Electric Field
# | %
