#                                                                     
# $$\                                                                 
# $$ |                                                                
# $$ |     $$\   $$\ $$$$$$\$$$$\   $$$$$$\  $$$$$$$\                 
# $$ |     $$ |  $$ |$$  _$$  _$$\ $$  __$$\ $$  __$$\                
# $$ |     $$ |  $$ |$$ / $$ / $$ |$$$$$$$$ |$$ |  $$ |               
# $$ |     $$ |  $$ |$$ | $$ | $$ |$$   ____|$$ |  $$ |               
# $$$$$$$$\\$$$$$$  |$$ | $$ | $$ |\$$$$$$$\ $$ |  $$ |               
# \________|\______/ \__| \__| \__| \_______|\__|  \__|               
#                                                                     
#                   Fork Lumen 2.1.0                                  
#                  Branch is bug-fixes                                
#        MPI+OpenMP+SLK+SLEPC+HDF5_MPI_IO Build                       
#               http://www.lumen-code.org                             
#
# Absorption @ Q(1):   1.00000000      0.00000000      0.00000000    [q->0 direction]
#
# [ X ] Hartree size                              :  1
# [GEN] GF Energies                               : Perdew, Burke & Ernzerhof(X)+Perdew, Burke & Ernzerhof(C)
# [GEN] Green`s Function                          : T-ordered
#
# [GEN] Gauge                                     : Length
# [GEN] [r,Vnl] included                          : yes
#
#    E[1] [eV]          Im(eps)            Re(eps)            Im(eps_o)          Re(eps_o)
#
        5.000000           0.559715           2.028231           0.559715           2.028231
        5.037593           0.592125           2.066751           0.592125           2.066751
        5.075188           0.631272           2.099643           0.631273           2.099643
        5.112782           0.675147           2.127590           0.675147           2.127590
        5.150376           0.725409           2.149211           0.725409           2.149211
        5.187970           0.780603           2.159512           0.780603           2.159512
        5.225564           0.835194           2.154374           0.835194           2.154374
        5.263157           0.878049           2.132863           0.878049           2.132863
        5.300752           0.897353           2.106874           0.897353           2.106874
        5.338346           0.896461           2.095389           0.896461           2.095389
        5.375940           0.890552           2.107239           0.890552           2.107239
        5.413534           0.895569           2.140236           0.895569           2.140235
        5.451128           0.920482           2.181497           0.920482           2.181498
        5.488721           0.961828           2.221535           0.961828           2.221535
        5.526316           1.019543           2.258656           1.019543           2.258656
        5.563910           1.096866           2.282842           1.096866           2.282842
        5.601503           1.182641           2.280429           1.182640           2.280429
        5.639097           1.257699           2.254442           1.257699           2.254442
        5.676692           1.315827           2.217926           1.315827           2.217926
        5.714285           1.356627           2.180411           1.356627           2.180411
        5.751880           1.387411           2.150641           1.387411           2.150641
        5.789474           1.412345           2.122468           1.412346           2.122468
        5.827067           1.417855           2.103814           1.417856           2.103814
        5.864661           1.418346           2.123854           1.418346           2.123854
        5.902255           1.455240           2.175784           1.455240           2.175785
        5.939849           1.536501           2.220233           1.536501           2.220233
        5.977444           1.636482           2.245305           1.636483           2.245304
        6.015037           1.756356           2.266649           1.756356           2.266648
        6.052631           1.917558           2.270989           1.917559           2.270988
        6.090225           2.116442           2.224641           2.116442           2.224641
        6.127820           2.326974           2.106201           2.326974           2.106201
        6.165413           2.516738           1.903402           2.516738           1.903402
        6.203007           2.630632           1.627440           2.630632           1.627440
        6.240601           2.643701           1.345268           2.643702           1.345268
        6.278195           2.603265           1.096356           2.603265           1.096356
        6.315789           2.528780           0.851472           2.528780           0.851472
        6.353383           2.383870           0.617248           2.383870           0.617248
        6.390977           2.173788           0.448678           2.173787           0.448678
        6.428571           1.953842           0.365145           1.953842           0.365145
        6.466165           1.756384           0.335650           1.756384           0.335650
        6.503759           1.575189           0.344374           1.575189           0.344373
        6.541353           1.419701           0.396054           1.419700           0.396054
        6.578947           1.311194           0.477029           1.311194           0.477029
        6.616541           1.255918           0.555882           1.255918           0.555882
        6.654135           1.230848           0.604420           1.230848           0.604420
        6.691729           1.201789           0.629895           1.201789           0.629895
        6.729323           1.167911           0.659231           1.167911           0.659231
        6.766917           1.148990           0.693177           1.148990           0.693177
        6.804511           1.146570           0.713166           1.146570           0.713166
        6.842104           1.142260           0.711803           1.142260           0.711803
        6.879699           1.123173           0.703036           1.123173           0.703037
        6.917293           1.094854           0.699324           1.094854           0.699324
        6.954887           1.065634           0.701607           1.065634           0.701607
        6.992481           1.035948           0.704844           1.035948           0.704844
        7.030074           1.001292           0.713873           1.001292           0.713873
        7.067669           0.970280           0.735189           0.970280           0.735189
        7.105263           0.951969           0.761054           0.951968           0.761054
        7.142857           0.942164           0.781896           0.942164           0.781896
        7.180451           0.933618           0.799464           0.933618           0.799464
        7.218045           0.927136           0.817585           0.927135           0.817585
        7.255639           0.924206           0.837757           0.924206           0.837757
        7.293232           0.930505           0.860984           0.930505           0.860984
        7.330826           0.952291           0.879387           0.952291           0.879387
        7.368421           0.986064           0.880740           0.986064           0.880740
        7.406014           1.019316           0.859719           1.019316           0.859719
        7.443608           1.042511           0.818980           1.042511           0.818980
        7.481203           1.043661           0.762042           1.043661           0.762043
        7.518797           1.013382           0.707815           1.013382           0.707815
        7.556391           0.964305           0.676325           0.964305           0.676325
        7.593984           0.917342           0.667675           0.917342           0.667675
        7.631578           0.881356           0.668677           0.881356           0.668677
        7.669173           0.852552           0.670177           0.852552           0.670177
        7.706767           0.826083           0.669830           0.826083           0.669830
        7.744360           0.797316           0.668903           0.797316           0.668903
        7.781955           0.765433           0.672508           0.765433           0.672508
        7.819549           0.735426           0.683378           0.735426           0.683378
        7.857142           0.712179           0.698101           0.712179           0.698101
        7.894736           0.695406           0.709759           0.695406           0.709759
        7.932330           0.677456           0.715884           0.677456           0.715884
        7.969924           0.654127           0.721836           0.654127           0.721836
        8.007519           0.625798           0.733375           0.625798           0.733375
        8.045113           0.598645           0.755202           0.598645           0.755202
        8.082706           0.580022           0.783616           0.580022           0.783616
        8.120299           0.570286           0.812197           0.570286           0.812197
        8.157894           0.566697           0.838480           0.566697           0.838480
        8.195488           0.567903           0.861619           0.567903           0.861619
        8.233082           0.572209           0.881347           0.572209           0.881347
        8.270677           0.580433           0.897456           0.580433           0.897456
        8.308270           0.590148           0.905837           0.590148           0.905837
        8.345864           0.595124           0.909134           0.595124           0.909134
        8.383458           0.595868           0.912904           0.595868           0.912904
        8.421052           0.596346           0.919755           0.596346           0.919755
        8.458646           0.602126           0.926560           0.602126           0.926560
        8.496240           0.611431           0.925149           0.611431           0.925148
        8.533834           0.614578           0.912862           0.614578           0.912862
        8.571428           0.601719           0.898768           0.601719           0.898768
        8.609021           0.578982           0.897716           0.578982           0.897716
        8.646616           0.559910           0.907726           0.559910           0.907726
        8.684210           0.545042           0.921079           0.545042           0.921079
        8.721804           0.531963           0.938110           0.531963           0.938110
        8.759398           0.523453           0.959809           0.523453           0.959809
        8.796992           0.522092           0.982103           0.522092           0.982103
        8.834586           0.524317           1.000844           0.524317           1.000844
        8.872180           0.525357           1.018732           0.525357           1.018732
        8.909773           0.527857           1.041490           0.527857           1.041490
        8.947368           0.539288           1.066410           0.539288           1.066410
        8.984962           0.557291           1.084710           0.557291           1.084710
        9.022555           0.573291           1.099207           0.573291           1.099207
        9.060150           0.591945           1.117477           0.591945           1.117477
        9.097744           0.620152           1.133852           0.620152           1.133852
        9.135338           0.654264           1.142872           0.654263           1.142872
        9.172933           0.693265           1.144855           0.693265           1.144855
        9.210526           0.737235           1.134614           0.737235           1.134614
        9.248120           0.778478           1.107807           0.778478           1.107807
        9.285713           0.808052           1.067232           0.808052           1.067232
        9.323307           0.819884           1.021839           0.819884           1.021839
        9.360902           0.818554           0.982855           0.818554           0.982855
        9.398496           0.813017           0.949852           0.813017           0.949852
        9.436090           0.803660           0.920195           0.803660           0.920195
        9.473684           0.793182           0.894656           0.793182           0.894656
        9.511277           0.782468           0.867787           0.782468           0.867787
        9.548872           0.765173           0.839754           0.765173           0.839754
        9.586466           0.741718           0.816108           0.741718           0.816108
        9.624060           0.714699           0.797360           0.714699           0.797360
        9.661654           0.685178           0.784570           0.685178           0.784570
        9.699247           0.656030           0.777701           0.656030           0.777701
        9.736841           0.628964           0.773759           0.628964           0.773759
        9.774436           0.600059           0.770016           0.600059           0.770016
        9.812029           0.566300           0.772563           0.566300           0.772563
        9.849624           0.534112           0.784837           0.534112           0.784837
        9.887218           0.507057           0.803779           0.507056           0.803779
        9.924811           0.486600           0.827849           0.486600           0.827849
        9.962406           0.475007           0.853668           0.475007           0.853668
        9.999999           0.470595           0.876575           0.470595           0.876575
        10.03759           0.469534           0.895595           0.469534           0.895595
        10.07519           0.470143           0.912019           0.470143           0.912019
        10.11278           0.471974           0.926296           0.471974           0.926296
        10.15038           0.474245           0.939232           0.474245           0.939232
        10.18797           0.477635           0.952032           0.477636           0.952032
        10.22556           0.483773           0.964041           0.483773           0.964041
        10.26316           0.492158           0.973153           0.492158           0.973153
        10.30075           0.501085           0.979545           0.501085           0.979545
        10.33835           0.511044           0.983488           0.511045           0.983488
        10.37594           0.521413           0.983391           0.521413           0.983391
        10.41353           0.529430           0.978859           0.529430           0.978859
        10.45113           0.533362           0.973180           0.533362           0.973180
        10.48872           0.536309           0.967157           0.536309           0.967157
        10.52631           0.536339           0.957671           0.536339           0.957671
        10.56391           0.529282           0.948056           0.529282           0.948056
        10.60150           0.516639           0.943602           0.516639           0.943602
        10.63910           0.503081           0.946426           0.503081           0.946426
        10.67669           0.493014           0.954217           0.493014           0.954217
        10.71428           0.486191           0.963107           0.486191           0.963107
        10.75188           0.480545           0.973088           0.480545           0.973088
        10.78947           0.476891           0.985572           0.476891           0.985572
        10.82707           0.477436           0.999715           0.477436           0.999715
        10.86466           0.482456           1.012862           0.482456           1.012862
        10.90225           0.490492           1.024087           0.490492           1.024087
        10.93985           0.501643           1.033173           0.501643           1.033173
        10.97744           0.515718           1.038234           0.515718           1.038234
        11.01504           0.530375           1.037654           0.530375           1.037654
        11.05263           0.542660           1.032097           0.542660           1.032097
        11.09022           0.550893           1.023597           0.550893           1.023597
        11.12782           0.554725           1.014839           0.554725           1.014839
        11.16541           0.555984           1.008138           0.555984           1.008138
        11.20301           0.558199           1.003085           0.558199           1.003085
        11.24060           0.561738           0.995057           0.561738           0.995057
        11.27819           0.561427           0.982831           0.561427           0.982831
        11.31579           0.554017           0.970354           0.554017           0.970354
        11.35338           0.540026           0.962853           0.540026           0.962853
        11.39098           0.524195           0.964156           0.524195           0.964156
        11.42857           0.513189           0.972759           0.513188           0.972759
        11.46616           0.509114           0.982221           0.509114           0.982221
        11.50376           0.507924           0.989032           0.507924           0.989032
        11.54135           0.507510           0.994738           0.507510           0.994738
        11.57895           0.507924           0.998921           0.507924           0.998921
        11.61654           0.507108           1.001803           0.507108           1.001803
        11.65413           0.504511           1.005799           0.504511           1.005799
        11.69173           0.502005           1.012737           0.502005           1.012737
        11.72932           0.502618           1.021950           0.502618           1.021950
        11.76692           0.507078           1.030003           0.507078           1.030003
        11.80451           0.512832           1.035346           0.512832           1.035346
        11.84210           0.518534           1.038713           0.518534           1.038713
        11.87970           0.523399           1.040542           0.523399           1.040542
        11.91729           0.526890           1.041813           0.526889           1.041813
        11.95489           0.529185           1.043521           0.529185           1.043521
        11.99248           0.530827           1.046053           0.530827           1.046053
        12.03007           0.531725           1.049916           0.531725           1.049916
        12.06767           0.532956           1.056327           0.532956           1.056327
        12.10526           0.536205           1.064979           0.536205           1.064979
        12.14286           0.542646           1.075160           0.542646           1.075160
        12.18045           0.553283           1.085448           0.553283           1.085448
        12.21804           0.568300           1.094012           0.568300           1.094012
        12.25564           0.587101           1.099100           0.587101           1.099100
        12.29323           0.608442           1.099130           0.608442           1.099130
        12.33083           0.630147           1.093168           0.630147           1.093168
        12.36842           0.650329           1.081737           0.650329           1.081737
        12.40601           0.667750           1.064496           0.667750           1.064496
        12.44361           0.678617           1.041938           0.678617           1.041938
        12.48120           0.680395           1.018710           0.680395           1.018710
        12.51880           0.674427           0.999446           0.674427           0.999446
        12.55639           0.664223           0.987767           0.664223           0.987767
        12.59398           0.655648           0.983283           0.655648           0.983283
        12.63158           0.650664           0.982684           0.650664           0.982684
        12.66917           0.651146           0.983930           0.651146           0.983930
        12.70677           0.656912           0.981101           0.656912           0.981101
        12.74436           0.661176           0.971848           0.661176           0.971848
        12.78195           0.659726           0.960738           0.659726           0.960738
        12.81955           0.652942           0.952641           0.652942           0.952641
        12.85714           0.645164           0.951140           0.645164           0.951140
        12.89474           0.641657           0.953691           0.641658           0.953691
        12.93233           0.642155           0.955645           0.642155           0.955645
        12.96992           0.643314           0.956093           0.643314           0.956093
        13.00752           0.644324           0.957811           0.644324           0.957811
        13.04511           0.648090           0.961898           0.648090           0.961898
        13.08271           0.657445           0.966395           0.657445           0.966395
        13.12030           0.674157           0.966736           0.674157           0.966736
        13.15789           0.694700           0.955650           0.694700           0.955650
        13.19549           0.708517           0.931717           0.708517           0.931717
        13.23308           0.707751           0.903321           0.707751           0.903321
        13.27067           0.694038           0.881521           0.694038           0.881521
        13.30827           0.675625           0.871431           0.675625           0.871431
        13.34586           0.659951           0.871940           0.659951           0.871940
        13.38346           0.652439           0.878239           0.652439           0.878239
        13.42105           0.653223           0.883100           0.653223           0.883100
        13.45864           0.657747           0.882328           0.657747           0.882328
        13.49624           0.660764           0.876510           0.660764           0.876510
        13.53383           0.660310           0.868964           0.660310           0.868964
        13.57143           0.656543           0.861528           0.656543           0.861528
        13.60902           0.648469           0.856431           0.648469           0.856431
        13.64662           0.638475           0.858549           0.638475           0.858549
        13.68421           0.633482           0.868137           0.633482           0.868137
        13.72180           0.637676           0.879875           0.637676           0.879875
        13.75940           0.650124           0.887899           0.650123           0.887899
        13.79699           0.667474           0.888940           0.667474           0.888940
        13.83459           0.685487           0.881908           0.685487           0.881908
        13.87218           0.700752           0.868615           0.700752           0.868615
        13.90977           0.712434           0.851114           0.712434           0.851114
        13.94737           0.719858           0.830169           0.719858           0.830169
        13.98496           0.721605           0.807348           0.721605           0.807348
        14.02256           0.718119           0.785179           0.718119           0.785179
        14.06015           0.710203           0.763849           0.710203           0.763849
        14.09774           0.696497           0.744924           0.696497           0.744924
        14.13534           0.678441           0.732332           0.678441           0.732332
        14.17293           0.660612           0.727256           0.660612           0.727256
        14.21053           0.646568           0.727697           0.646568           0.727697
        14.24812           0.638129           0.730047           0.638129           0.730047
        14.28571           0.633465           0.730207           0.633465           0.730207
        14.32331           0.628058           0.728393           0.628058           0.728393
        14.36090           0.621654           0.729267           0.621654           0.729267
        14.39849           0.619469           0.733535           0.619469           0.733535
        14.43609           0.623795           0.736197           0.623795           0.736197
        14.47368           0.632071           0.733339           0.632071           0.733339
        14.51128           0.641052           0.723459           0.641052           0.723459
        14.54887           0.646358           0.706295           0.646358           0.706295
        14.58646           0.643871           0.685475           0.643871           0.685475
        14.62406           0.633389           0.666189           0.633389           0.666189
        14.66165           0.617597           0.652105           0.617597           0.652105
        14.69925           0.600718           0.644577           0.600718           0.644577
        14.73684           0.586338           0.641069           0.586338           0.641069
        14.77444           0.573595           0.638938           0.573595           0.638938
        14.81203           0.562263           0.639054           0.562263           0.639054
        14.84962           0.554766           0.640167           0.554766           0.640167
        14.88722           0.550384           0.638246           0.550384           0.638246
        14.92481           0.544758           0.632090           0.544758           0.632090
        14.96240           0.534762           0.624488           0.534762           0.624488
        15.00000           0.520048           0.619594           0.520048           0.619594
        15.03759           0.504396           0.621047           0.504396           0.621047
        15.07519           0.493557           0.626930           0.493557           0.626930
        15.11278           0.488079           0.631078           0.488079           0.631078
        15.15037           0.482815           0.630962           0.482815           0.630962
        15.18797           0.474190           0.630107           0.474190           0.630107
        15.22556           0.464117           0.632312           0.464117           0.632312
        15.26316           0.456113           0.637049           0.456113           0.637049
        15.30075           0.450502           0.641449           0.450502           0.641449
        15.33835           0.445344           0.645100           0.445344           0.645100
        15.37594           0.440640           0.649175           0.440640           0.649175
        15.41353           0.437442           0.653303           0.437442           0.653303
        15.45113           0.435349           0.656018           0.435349           0.656018
        15.48872           0.432548           0.657482           0.432548           0.657482
        15.52632           0.428756           0.659532           0.428756           0.659532
        15.56391           0.425814           0.662945           0.425814           0.662945
        15.60150           0.424825           0.665866           0.424825           0.665866
        15.63910           0.424093           0.667123           0.424093           0.667123
        15.67669           0.422661           0.668078           0.422661           0.668078
        15.71428           0.421609           0.669392           0.421609           0.669392
        15.75188           0.421461           0.670007           0.421461           0.670006
        15.78947           0.421019           0.669468           0.421019           0.669468
        15.82707           0.419968           0.668997           0.419968           0.668997
        15.86466           0.419371           0.668928           0.419371           0.668928
        15.90226           0.420029           0.668676           0.420029           0.668676
        15.93985           0.422601           0.666763           0.422601           0.666763
        15.97744           0.425665           0.660495           0.425665           0.660495
        16.01504           0.424839           0.649580           0.424839           0.649580
        16.05263           0.416773           0.638202           0.416773           0.638202
        16.09023           0.403248           0.632176           0.403248           0.632176
        16.12782           0.389928           0.632880           0.389928           0.632880
        16.16541           0.380079           0.637543           0.380079           0.637543
        16.20301           0.374429           0.643088           0.374429           0.643088
        16.24060           0.371421           0.647132           0.371421           0.647132
        16.27819           0.369333           0.649892           0.369333           0.649892
        16.31579           0.368257           0.651546           0.368257           0.651546
        16.35338           0.367632           0.651088           0.367632           0.651088
        16.39098           0.365406           0.648522           0.365406           0.648522
        16.42857           0.360579           0.646349           0.360579           0.646349
        16.46616           0.355369           0.645947           0.355369           0.645947
        16.50376           0.350860           0.645691           0.350860           0.645691
        16.54135           0.345659           0.644673           0.345660           0.644673
        16.57895           0.338506           0.644449           0.338506           0.644449
        16.61654           0.330746           0.646851           0.330746           0.646851
        16.65413           0.324275           0.651497           0.324275           0.651497
        16.69173           0.319839           0.657472           0.319839           0.657472
        16.72932           0.318242           0.663642           0.318242           0.663642
        16.76692           0.318829           0.667726           0.318829           0.667726
        16.80451           0.318802           0.669761           0.318802           0.669761
        16.84210           0.318172           0.672409           0.318172           0.672409
        16.87970           0.319446           0.675233           0.319446           0.675233
        16.91729           0.322329           0.675773           0.322329           0.675773
        16.95489           0.324702           0.673114           0.324702           0.673113
        16.99248           0.324105           0.668301           0.324105           0.668301
        17.03008           0.320026           0.664479           0.320026           0.664479
        17.06767           0.314981           0.663438           0.314981           0.663438
        17.10526           0.311218           0.663946           0.311218           0.663946
        17.14285           0.308397           0.663996           0.308397           0.663996
        17.18045           0.305007           0.663777           0.305007           0.663777
        17.21804           0.301341           0.664495           0.301341           0.664495
        17.25564           0.298447           0.666004           0.298447           0.666004
        17.29323           0.296745           0.667672           0.296745           0.667672
        17.33083           0.296324           0.668481           0.296324           0.668481
        17.36842           0.296287           0.667663           0.296287           0.667663
        17.40601           0.295626           0.665094           0.295626           0.665094
        17.44361           0.292937           0.661329           0.292937           0.661329
        17.48120           0.287923           0.658514           0.287923           0.658514
        17.51880           0.282635           0.657502           0.282635           0.657502
        17.55639           0.277858           0.656755           0.277858           0.656755
        17.59398           0.272367           0.655826           0.272367           0.655826
        17.63158           0.265617           0.655913           0.265617           0.655913
        17.66917           0.258822           0.658343           0.258822           0.658343
        17.70677           0.254144           0.662096           0.254144           0.662096
        17.74436           0.251016           0.664707           0.251016           0.664707
        17.78195           0.247255           0.666281           0.247255           0.666281
        17.81955           0.242571           0.668328           0.242571           0.668328
        17.85714           0.237649           0.671481           0.237649           0.671481
        17.89474           0.233139           0.675855           0.233139           0.675855
        17.93233           0.229678           0.681311           0.229678           0.681311
        17.96992           0.227860           0.687261           0.227860           0.687261
        18.00752           0.227514           0.692818           0.227514           0.692818
        18.04511           0.228179           0.698008           0.228179           0.698008
        18.08271           0.230345           0.702805           0.230345           0.702805
        18.12030           0.234316           0.706117           0.234316           0.706117
        18.15789           0.239123           0.706528           0.239123           0.706528
        18.19549           0.242475           0.703915           0.242475           0.703915
        18.23308           0.242959           0.700341           0.242959           0.700341
        18.27068           0.241494           0.697726           0.241494           0.697726
        18.30827           0.239514           0.696254           0.239514           0.696254
        18.34586           0.237628           0.695387           0.237628           0.695387
        18.38346           0.235922           0.694550           0.235922           0.694550
        18.42105           0.233815           0.693530           0.233815           0.693530
        18.45864           0.231194           0.693154           0.231194           0.693154
        18.49624           0.229266           0.693495           0.229266           0.693495
        18.53383           0.228215           0.693028           0.228215           0.693028
        18.57143           0.226417           0.691338           0.226417           0.691338
        18.60902           0.223164           0.689893           0.223164           0.689893
        18.64661           0.219692           0.689675           0.219692           0.689675
        18.68421           0.217180           0.689507           0.217180           0.689507
        18.72180           0.214411           0.687995           0.214411           0.687995
        18.75940           0.209661           0.686099           0.209661           0.686099
        18.79699           0.203106           0.685748           0.203106           0.685748
        18.83459           0.196357           0.687716           0.196357           0.687716
        18.87218           0.190592           0.691212           0.190592           0.691212
        18.90977           0.185695           0.695399           0.185695           0.695399
        18.94737           0.181370           0.700451           0.181370           0.700451
        18.98496           0.178274           0.706618           0.178274           0.706618
        19.02256           0.177119           0.713188           0.177119           0.713188
        19.06015           0.177920           0.719181           0.177920           0.719181
        19.09774           0.180101           0.723658           0.180101           0.723658
        19.13534           0.182432           0.726401           0.182432           0.726401
        19.17293           0.184165           0.728246           0.184165           0.728246
        19.21053           0.185626           0.729939           0.185626           0.729939
        19.24812           0.187360           0.731393           0.187360           0.731393
        19.28571           0.189375           0.732168           0.189375           0.732168
        19.32331           0.191360           0.732061           0.191360           0.732061
        19.36090           0.193004           0.731091           0.193004           0.731090
        19.39849           0.194089           0.729187           0.194089           0.729187
        19.43609           0.193710           0.726422           0.193710           0.726422
        19.47368           0.191508           0.724344           0.191508           0.724344
        19.51128           0.188923           0.723554           0.188923           0.723554
        19.54887           0.186319           0.723259           0.186319           0.723259
        19.58647           0.183376           0.723567           0.183376           0.723567
        19.62406           0.180354           0.724848           0.180354           0.724848
        19.66165           0.177892           0.727293           0.177892           0.727293
        19.69925           0.176968           0.730206           0.176968           0.730206
        19.73684           0.177050           0.732062           0.177050           0.732062
        19.77444           0.176683           0.733181           0.176683           0.733181
        19.81203           0.175859           0.734497           0.175859           0.734497
        19.84962           0.174926           0.736569           0.174926           0.736569
        19.88722           0.175017           0.739565           0.175017           0.739565
        19.92481           0.176663           0.742211           0.176663           0.742211
        19.96240           0.179182           0.744045           0.179182           0.744045
        20.00000           0.182715           0.744825           0.182715           0.744825
# 
# 06/09/2026 at 21:34 yambo @ compute-8-05 [start]
# 06/09/2026 at 21:36                      [end]
#  
# Timing   [Min/Max/Average]: 01m-58s/01m-59s/01m-58s
#
# .-Input file  IPA-16.in
# | optics                           # [R] Linear Response optical properties
# | dipoles                          # [R] Oscillator strenghts (or dipoles)
# | kernel                           # [R] Kernel
# | chi                              # [R][CHI] Dyson equation for Chi.
# | BoseTemp= 0.000000         eV    # Bosonic Temperature
# | DIP_CPU= "4.2.2"                 # [PARALLEL] CPUs for each role
# | DIP_ROLEs= "v.c.k"               # [PARALLEL] CPUs roles (k,c,v)
# | DIP_Threads= 20                  # [OPENMP/X] Number of threads for dipoles
# | X_CPU= "4.2.2.1"                 # [PARALLEL] CPUs for each role
# | X_ROLEs= "c.v.k.q"               # [PARALLEL] CPUs roles (q,g,k,c,v)
# | X_nCPU_LinAlg_INV=  4            # [PARALLEL] CPUs for Linear Algebra (if -1 it is automatically set)
# | X_Threads= 20                    # [OPENMP/X] Number of threads for response functions
# | Chimod= "HARTREE"                # [X] IP/Hartree/ALDA/LRC/PF/BSfxc
# | DipComputed= "R V P [G-space]"   # [DIP] [default R P V; extra P2 Spin Orb]
# | NGsBlkXd= 1                RL    # [Xd] Response block size
# | % QpntsRXd
# |  1 | 1 |                             # [Xd] Transferred momenta
# | %
# | % BndsRnXd
# |    1 | 120 |                         # [Xd] Polarization function bands
# | %
# | % EnRngeXd
# |   5.00000 | 20.00000 |         eV    # [Xd] Energy range
# | %
# | % DmRngeXd
# |  0.100000 | 0.100000 |         eV    # [Xd] Damping range
# | %
# | ETStpsXd=  400                   # [Xd] Total Energy steps
# | % LongDrXd
# |  1.000000 | 0.000000 | 0.000000 |        # [Xd] [cc] Electric Field
# | %
