
Final lattice vectors in Angstrom:
      7.5652739651     0.0000000000     0.0000000000
      0.0000000000     3.9431768302     0.0000000000
      0.0000000000     0.0000000000    18.8975018207

Lattice lengths in Angstrom:
  a = 7.5652739651
  b = 3.9431768302
  c = 18.8975018207

Parsed atoms:
  Nb   0.2915232079   0.0667739264   0.4999999120
  Nb   0.7084767921   0.0667739264   0.5000000880
  O    0.2871379113   0.5301306147   0.4999984652
  O    0.7128620887   0.5301306147   0.5000015348
  I    0.0000018074   0.0213837605   0.5999012598
  I    0.9999981926   0.0213837605   0.4000987402
  I    0.4999973682   0.0281116984   0.6220025300
  I    0.5000026318   0.0281116984   0.3779974700

Symmetry analysis:
     symprec  space group    No.  point group
     1.0e-02         Pmm2     25          mm2
     1.0e-03         Pmm2     25          mm2
     1.0e-04         Pmm2     25          mm2
     1.0e-05           P2      3            2
