#                                                                     
# $$\                                                                 
# $$ |                                                                
# $$ |     $$\   $$\ $$$$$$\$$$$\   $$$$$$\  $$$$$$$\                 
# $$ |     $$ |  $$ |$$  _$$  _$$\ $$  __$$\ $$  __$$\                
# $$ |     $$ |  $$ |$$ / $$ / $$ |$$$$$$$$ |$$ |  $$ |               
# $$ |     $$ |  $$ |$$ | $$ | $$ |$$   ____|$$ |  $$ |               
# $$$$$$$$\\$$$$$$  |$$ | $$ | $$ |\$$$$$$$\ $$ |  $$ |               
# \________|\______/ \__| \__| \__| \_______|\__|  \__|               
#                                                                     
#                   Fork Lumen 2.1.0                                  
#                  Branch is bug-fixes                                
#        MPI+OpenMP+SLK+SLEPC+HDF5_MPI_IO Build                       
#               http://www.lumen-code.org                             
#
# Absorption @ Q(1):   1.00000000      0.00000000      0.00000000    [q->0 direction]
#
# [ X ] Hartree size                              :  1
# [GEN] GF Energies                               : Perdew, Burke & Ernzerhof(X)+Perdew, Burke & Ernzerhof(C)
# [GEN] Green`s Function                          : T-ordered
#
# [GEN] Gauge                                     : Length
# [GEN] [r,Vnl] included                          : yes
#
#    E[1] [eV]          Im(eps)            Re(eps)            Im(eps_o)          Re(eps_o)
#
        5.000000           1.944862           2.681017           1.944862           2.681017
        5.037593           2.087007           2.703895           2.087006           2.703895
        5.075188           2.247434           2.688760           2.247434           2.688761
        5.112782           2.411940           2.645669           2.411938           2.645669
        5.150376           2.575649           2.568861           2.575649           2.568861
        5.187970           2.719139           2.478665           2.719140           2.478665
        5.225564           2.880992           2.401493           2.880991           2.401493
        5.263157           3.109458           2.283076           3.109458           2.283075
        5.300752           3.353267           2.032668           3.353268           2.032667
        5.338346           3.492196           1.667636           3.492195           1.667637
        5.375940           3.494362           1.290032           3.494361           1.290033
        5.413534           3.406756           0.956208           3.406757           0.956208
        5.451128           3.267517           0.661325           3.267517           0.661324
        5.488721           3.066080           0.401949           3.066080           0.401949
        5.526316           2.810986           0.220294           2.810986           0.220294
        5.563910           2.555302           0.127236           2.555302           0.127235
        5.601503           2.330212           0.092592           2.330212           0.092593
        5.639097           2.137362           0.091837           2.137362           0.091837
        5.676692           1.974261           0.106982           1.974261           0.106982
        5.714285           1.821301           0.132048           1.821301           0.132048
        5.751880           1.683725           0.189682           1.683725           0.189682
        5.789474           1.594203           0.262470           1.594203           0.262470
        5.827067           1.538263           0.308000           1.538263           0.308000
        5.864661           1.468929           0.327968           1.468929           0.327968
        5.902255           1.377382           0.369264           1.377382           0.369264
        5.939849           1.304637           0.447977           1.304637           0.447977
        5.977444           1.275660           0.538473           1.275660           0.538473
        6.015037           1.286756           0.609565           1.286756           0.609565
        6.052631           1.313350           0.647376           1.313350           0.647376
        6.090225           1.336952           0.658211           1.336952           0.658212
        6.127820           1.349123           0.654258           1.349123           0.654258
        6.165413           1.351660           0.643864           1.351660           0.643864
        6.203007           1.345105           0.636625           1.345105           0.636625
        6.240601           1.350836           0.634469           1.350836           0.634469
        6.278195           1.368255           0.603889           1.368256           0.603889
        6.315789           1.353141           0.545359           1.353141           0.545359
        6.353383           1.301779           0.505221           1.301779           0.505221
        6.390977           1.248973           0.491723           1.248973           0.491723
        6.428571           1.204614           0.489179           1.204614           0.489179
        6.466165           1.168878           0.489523           1.168878           0.489523
        6.503759           1.137984           0.485206           1.137984           0.485206
        6.541353           1.101679           0.473539           1.101679           0.473539
        6.578947           1.051556           0.467779           1.051556           0.467779
        6.616541           1.002270           0.478102           1.002270           0.478102
        6.654135           0.962477           0.492538           0.962477           0.492538
        6.691729           0.924800           0.503667           0.924800           0.503667
        6.729323           0.879053           0.516356           0.879053           0.516356
        6.766917           0.829992           0.546367           0.829992           0.546367
        6.804511           0.796396           0.590351           0.796396           0.590351
        6.842104           0.777450           0.633019           0.777450           0.633019
        6.879699           0.766896           0.676913           0.766896           0.676913
        6.917293           0.775995           0.720019           0.775995           0.720019
        6.954887           0.801265           0.740390           0.801265           0.740390
        6.992481           0.817177           0.736572           0.817177           0.736572
        7.030074           0.816246           0.726949           0.816246           0.726949
        7.067669           0.805996           0.721635           0.805996           0.721635
        7.105263           0.794881           0.718166           0.794881           0.718167
        7.142857           0.778696           0.711230           0.778696           0.711230
        7.180451           0.754074           0.706703           0.754074           0.706703
        7.218045           0.723204           0.706152           0.723204           0.706152
        7.255639           0.683043           0.714170           0.683043           0.714170
        7.293232           0.641674           0.740131           0.641674           0.740131
        7.330826           0.611040           0.779280           0.611040           0.779280
        7.368421           0.593143           0.823398           0.593143           0.823398
        7.406014           0.585136           0.866925           0.585136           0.866925
        7.443608           0.582752           0.912501           0.582752           0.912501
        7.481203           0.594398           0.963861           0.594398           0.963861
        7.518797           0.629566           1.007628           0.629566           1.007628
        7.556391           0.677517           1.025103           0.677517           1.025103
        7.593984           0.716485           1.017473           0.716485           1.017473
        7.631578           0.739554           0.997905           0.739554           0.997904
        7.669173           0.743801           0.971913           0.743801           0.971913
        7.706767           0.725312           0.955495           0.725312           0.955495
        7.744360           0.701736           0.961933           0.701736           0.961933
        7.781955           0.690057           0.981114           0.690057           0.981114
        7.819549           0.686908           0.998075           0.686908           0.998075
        7.857142           0.681671           1.016320           0.681671           1.016320
        7.894736           0.681628           1.042913           0.681628           1.042913
        7.932330           0.690941           1.069605           0.690941           1.069606
        7.969924           0.704810           1.096407           0.704810           1.096407
        8.007519           0.726759           1.125109           0.726759           1.125109
        8.045113           0.760915           1.154362           0.760915           1.154362
        8.082706           0.815792           1.175815           0.815792           1.175815
        8.120299           0.883791           1.168185           0.883791           1.168186
        8.157894           0.938567           1.134299           0.938567           1.134298
        8.195488           0.981841           1.091597           0.981841           1.091597
        8.233082           1.016353           1.030911           1.016353           1.030911
        8.270677           1.020409           0.956156           1.020409           0.956156
        8.308270           0.993786           0.894954           0.993786           0.894954
        8.345864           0.955134           0.855780           0.955134           0.855780
        8.383458           0.917323           0.835351           0.917323           0.835351
        8.421052           0.885522           0.824438           0.885522           0.824438
        8.458646           0.857384           0.818384           0.857384           0.818384
        8.496240           0.830183           0.816417           0.830183           0.816417
        8.533834           0.804686           0.824712           0.804686           0.824712
        8.571428           0.794110           0.840932           0.794110           0.840932
        8.609021           0.798901           0.847917           0.798901           0.847917
        8.646616           0.803644           0.839973           0.803644           0.839972
        8.684210           0.801685           0.827622           0.801685           0.827623
        8.721804           0.799343           0.812333           0.799343           0.812333
        8.759398           0.793491           0.788262           0.793491           0.788262
        8.796992           0.775319           0.754804           0.775319           0.754804
        8.834586           0.733200           0.722407           0.733200           0.722407
        8.872180           0.671678           0.711334           0.671678           0.711334
        8.909773           0.609805           0.729701           0.609805           0.729701
        8.947368           0.565032           0.768221           0.565032           0.768221
        8.984962           0.538387           0.811400           0.538387           0.811400
        9.022555           0.524197           0.855281           0.524197           0.855281
        9.060150           0.523836           0.897939           0.523836           0.897939
        9.097744           0.535605           0.930814           0.535605           0.930814
        9.135338           0.548634           0.950401           0.548634           0.950401
        9.172933           0.554824           0.964070           0.554824           0.964070
        9.210526           0.556031           0.981495           0.556031           0.981495
        9.248120           0.560606           1.005096           0.560606           1.005096
        9.285713           0.573576           1.030560           0.573576           1.030560
        9.323307           0.596627           1.052500           0.596627           1.052500
        9.360902           0.627492           1.063621           0.627492           1.063621
        9.398496           0.656935           1.061601           0.656935           1.061601
        9.436090           0.681582           1.052639           0.681582           1.052639
        9.473684           0.703084           1.035367           0.703084           1.035367
        9.511277           0.713176           1.009063           0.713176           1.009063
        9.548872           0.707751           0.984546           0.707751           0.984546
        9.586466           0.693475           0.969713           0.693475           0.969713
        9.624060           0.678579           0.963701           0.678579           0.963701
        9.661654           0.663601           0.961267           0.663601           0.961267
        9.699247           0.645255           0.965261           0.645255           0.965261
        9.736841           0.630337           0.980553           0.630337           0.980553
        9.774436           0.626253           0.999977           0.626253           0.999977
        9.812029           0.628354           1.016535           0.628354           1.016535
        9.849624           0.633670           1.033697           0.633670           1.033698
        9.887218           0.648088           1.050675           0.648088           1.050676
        9.924811           0.671904           1.057219           0.671904           1.057219
        9.962406           0.692476           1.047446           0.692476           1.047446
        9.999999           0.697962           1.031178           0.697962           1.031178
        10.03759           0.691795           1.023242           0.691795           1.023243
        10.07519           0.687225           1.025202           0.687225           1.025202
        10.11278           0.686824           1.028624           0.686824           1.028624
        10.15038           0.686681           1.033431           0.686681           1.033431
        10.18797           0.690296           1.041198           0.690296           1.041198
        10.22556           0.699098           1.046950           0.699098           1.046950
        10.26316           0.709527           1.047942           0.709527           1.047941
        10.30075           0.717385           1.044743           0.717385           1.044743
        10.33835           0.720630           1.042658           0.720630           1.042658
        10.37594           0.725045           1.044622           0.725045           1.044622
        10.41353           0.732850           1.044424           0.732850           1.044424
        10.45113           0.736786           1.042344           0.736786           1.042345
        10.48872           0.740389           1.046865           0.740389           1.046865
        10.52631           0.753827           1.052868           0.753827           1.052868
        10.56391           0.773192           1.047940           0.773192           1.047940
        10.60150           0.785106           1.032610           0.785106           1.032610
        10.63910           0.786283           1.017593           0.786283           1.017593
        10.67669           0.780971           1.008122           0.780971           1.008122
        10.71428           0.772255           1.007313           0.772255           1.007313
        10.75188           0.767775           1.018230           0.767775           1.018230
        10.78947           0.777174           1.033985           0.777174           1.033985
        10.82707           0.798463           1.042140           0.798463           1.042140
        10.86466           0.821415           1.039952           0.821415           1.039952
        10.90225           0.842755           1.033701           0.842755           1.033701
        10.93985           0.866849           1.022725           0.866849           1.022725
        10.97744           0.888853           1.003173           0.888853           1.003173
        11.01504           0.907704           0.980232           0.907704           0.980232
        11.05263           0.926880           0.948188           0.926880           0.948188
        11.09022           0.932672           0.902279           0.932672           0.902279
        11.12782           0.914813           0.859528           0.914813           0.859528
        11.16541           0.886113           0.836026           0.886113           0.836026
        11.20301           0.863867           0.827052           0.863867           0.827052
        11.24060           0.849701           0.818966           0.849701           0.818966
        11.27819           0.834295           0.808024           0.834295           0.808024
        11.31579           0.814418           0.801015           0.814418           0.801015
        11.35338           0.794218           0.800496           0.794218           0.800496
        11.39098           0.775824           0.806855           0.775825           0.806855
        11.42857           0.763546           0.819891           0.763546           0.819891
        11.46616           0.760837           0.835474           0.760837           0.835473
        11.50376           0.767869           0.848329           0.767870           0.848329
        11.54135           0.782557           0.853561           0.782557           0.853561
        11.57895           0.798769           0.846869           0.798769           0.846869
        11.61654           0.808423           0.831429           0.808423           0.831429
        11.65413           0.810081           0.813201           0.810081           0.813201
        11.69173           0.804640           0.795772           0.804640           0.795772
        11.72932           0.793190           0.780977           0.793190           0.780977
        11.76692           0.775583           0.772675           0.775583           0.772675
        11.80451           0.758843           0.775477           0.758843           0.775477
        11.84210           0.750402           0.783052           0.750402           0.783052
        11.87970           0.746185           0.788799           0.746185           0.788799
        11.91729           0.742474           0.796433           0.742474           0.796433
        11.95489           0.745220           0.808632           0.745220           0.808632
        11.99248           0.759276           0.817062           0.759276           0.817061
        12.03007           0.777193           0.814375           0.777193           0.814375
        12.06767           0.792292           0.804055           0.792292           0.804055
        12.10526           0.805519           0.787887           0.805519           0.787887
        12.14286           0.811956           0.762999           0.811956           0.762999
        12.18045           0.804158           0.737891           0.804158           0.737891
        12.21804           0.788230           0.723543           0.788230           0.723543
        12.25564           0.775551           0.719687           0.775551           0.719687
        12.29323           0.770080           0.717824           0.770080           0.717824
        12.33083           0.768219           0.713446           0.768219           0.713446
        12.36842           0.766907           0.705631           0.766907           0.705631
        12.40601           0.763269           0.695915           0.763269           0.695915
        12.44361           0.757424           0.686537           0.757424           0.686537
        12.48120           0.750237           0.678591           0.750237           0.678592
        12.51880           0.742994           0.672331           0.742994           0.672331
        12.55639           0.737100           0.667336           0.737100           0.667336
        12.59398           0.733706           0.661070           0.733706           0.661070
        12.63158           0.729547           0.650232           0.729547           0.650232
        12.66917           0.719295           0.637704           0.719295           0.637704
        12.70677           0.703933           0.629752           0.703933           0.629752
        12.74436           0.688983           0.627533           0.688983           0.627533
        12.78195           0.675864           0.627547           0.675864           0.627547
        12.81955           0.662544           0.630747           0.662544           0.630747
        12.85714           0.653348           0.639924           0.653348           0.639924
        12.89474           0.653607           0.649425           0.653607           0.649425
        12.93233           0.659895           0.652240           0.659895           0.652240
        12.96992           0.667149           0.647559           0.667149           0.647559
        13.00752           0.672042           0.634982           0.672042           0.634982
        13.04511           0.668016           0.615413           0.668016           0.615413
        13.08271           0.649456           0.598866           0.649456           0.598866
        13.12030           0.624838           0.597093           0.624838           0.597093
        13.15789           0.607416           0.607417           0.607416           0.607417
        13.19549           0.600788           0.620964           0.600788           0.620964
        13.23308           0.603936           0.631206           0.603936           0.631206
        13.27067           0.612096           0.632672           0.612096           0.632672
        13.30827           0.618262           0.625225           0.618262           0.625225
        13.34586           0.617953           0.612314           0.617953           0.612314
        13.38346           0.608454           0.599362           0.608453           0.599362
        13.42105           0.592794           0.594214           0.592794           0.594214
        13.45864           0.580451           0.597750           0.580451           0.597750
        13.49624           0.575498           0.601951           0.575498           0.601951
        13.53383           0.572555           0.601849           0.572555           0.601849
        13.57143           0.568102           0.600618           0.568102           0.600618
        13.60902           0.564041           0.599236           0.564041           0.599236
        13.64662           0.559554           0.596365           0.559554           0.596365
        13.68421           0.553541           0.592560           0.553541           0.592560
        13.72180           0.544105           0.588649           0.544105           0.588649
        13.75940           0.531757           0.589621           0.531757           0.589621
        13.79699           0.522585           0.595422           0.522585           0.595422
        13.83459           0.517184           0.601890           0.517184           0.601890
        13.87218           0.514917           0.608289           0.514917           0.608289
        13.90977           0.515707           0.612665           0.515707           0.612665
        13.94737           0.517688           0.614013           0.517688           0.614013
        13.98496           0.519070           0.612353           0.519070           0.612353
        14.02256           0.518243           0.609128           0.518243           0.609128
        14.06015           0.515760           0.607220           0.515760           0.607220
        14.09774           0.516029           0.605338           0.516029           0.605338
        14.13534           0.515215           0.597859           0.515215           0.597859
        14.17293           0.507299           0.590445           0.507299           0.590445
        14.21053           0.497331           0.588712           0.497331           0.588712
        14.24812           0.489705           0.589735           0.489705           0.589735
        14.28571           0.482999           0.590978           0.482999           0.590978
        14.32331           0.476155           0.593952           0.476155           0.593952
        14.36090           0.471423           0.600055           0.471423           0.600055
        14.39849           0.472611           0.607308           0.472611           0.607308
        14.43609           0.479905           0.609185           0.479904           0.609185
        14.47368           0.485998           0.602265           0.485998           0.602265
        14.51128           0.485319           0.591903           0.485319           0.591903
        14.54887           0.479988           0.583347           0.479988           0.583347
        14.58646           0.473065           0.576494           0.473065           0.576494
        14.62406           0.464337           0.570291           0.464337           0.570291
        14.66165           0.452670           0.565703           0.452670           0.565703
        14.69925           0.438691           0.565767           0.438691           0.565767
        14.73684           0.426426           0.571639           0.426426           0.571639
        14.77444           0.419162           0.581266           0.419162           0.581266
        14.81203           0.418893           0.590934           0.418893           0.590934
        14.84962           0.424268           0.595150           0.424268           0.595150
        14.88722           0.429041           0.591309           0.429041           0.591309
        14.92481           0.427370           0.583233           0.427370           0.583233
        14.96240           0.418905           0.577836           0.418905           0.577836
        15.00000           0.409520           0.579090           0.409520           0.579090
        15.03759           0.404455           0.583543           0.404455           0.583543
        15.07519           0.403206           0.587358           0.403206           0.587358
        15.11278           0.404917           0.588728           0.404917           0.588728
        15.15037           0.407405           0.585591           0.407405           0.585591
        15.18797           0.406994           0.578437           0.406994           0.578437
        15.22556           0.401922           0.570527           0.401922           0.570527
        15.26316           0.393488           0.565066           0.393488           0.565066
        15.30075           0.385221           0.562227           0.385221           0.562227
        15.33835           0.376931           0.558984           0.376931           0.558984
        15.37594           0.366187           0.556696           0.366187           0.556696
        15.41353           0.354641           0.557629           0.354641           0.557630
        15.45113           0.344312           0.561000           0.344312           0.561000
        15.48872           0.335515           0.565771           0.335515           0.565771
        15.52632           0.328462           0.571318           0.328462           0.571318
        15.56391           0.323197           0.576843           0.323197           0.576843
        15.60150           0.319282           0.581426           0.319282           0.581426
        15.63910           0.315524           0.584574           0.315524           0.584574
        15.67669           0.310493           0.586978           0.310492           0.586978
        15.71428           0.303710           0.590615           0.303710           0.590615
        15.75188           0.297078           0.597446           0.297078           0.597446
        15.78947           0.293549           0.606591           0.293549           0.606591
        15.82707           0.294162           0.615327           0.294162           0.615327
        15.86466           0.297713           0.620853           0.297713           0.620852
        15.90226           0.300905           0.622284           0.300905           0.622284
        15.93985           0.301415           0.622244           0.301415           0.622244
        15.97744           0.301131           0.623109           0.301131           0.623109
        16.01504           0.301659           0.622803           0.301659           0.622803
        16.05263           0.299713           0.620108           0.299713           0.620108
        16.09023           0.293537           0.619634           0.293537           0.619634
        16.12782           0.287947           0.624187           0.287947           0.624187
        16.16541           0.286473           0.630292           0.286473           0.630292
        16.20301           0.287839           0.634713           0.287839           0.634713
        16.24060           0.290149           0.636844           0.290149           0.636844
        16.27819           0.291918           0.636951           0.291918           0.636951
        16.31579           0.292641           0.636493           0.292641           0.636493
        16.35338           0.293201           0.635564           0.293201           0.635564
        16.39098           0.293065           0.634049           0.293065           0.634049
        16.42857           0.292998           0.632273           0.292998           0.632273
        16.46616           0.292268           0.628381           0.292268           0.628381
        16.50376           0.287911           0.623885           0.287911           0.623885
        16.54135           0.281005           0.622487           0.281005           0.622487
        16.57895           0.275220           0.624341           0.275220           0.624341
        16.61654           0.271665           0.626539           0.271665           0.626539
        16.65413           0.268255           0.627767           0.268255           0.627767
        16.69173           0.263602           0.629884           0.263602           0.629884
        16.72932           0.259889           0.635091           0.259889           0.635091
        16.76692           0.260879           0.641300           0.260879           0.641300
        16.80451           0.265964           0.643280           0.265964           0.643280
        16.84210           0.269670           0.639108           0.269670           0.639108
        16.87970           0.268068           0.632602           0.268068           0.632602
        16.91729           0.261988           0.627577           0.261988           0.627577
        16.95489           0.252696           0.625708           0.252696           0.625708
        16.99248           0.241905           0.629333           0.241905           0.629333
        17.03008           0.234328           0.639574           0.234328           0.639574
        17.06767           0.234950           0.652302           0.234950           0.652302
        17.10526           0.242879           0.660426           0.242879           0.660426
        17.14285           0.252133           0.661264           0.252133           0.661264
        17.18045           0.258667           0.657636           0.258667           0.657636
        17.21804           0.262683           0.652056           0.262683           0.652056
        17.25564           0.263881           0.644747           0.263881           0.644747
        17.29323           0.261319           0.638008           0.261319           0.638008
        17.33083           0.257666           0.633720           0.257666           0.633720
        17.36842           0.254751           0.629758           0.254751           0.629758
        17.40601           0.250758           0.624657           0.250758           0.624657
        17.44361           0.244243           0.620435           0.244243           0.620435
        17.48120           0.237307           0.618560           0.237307           0.618560
        17.51880           0.231091           0.617399           0.231091           0.617399
        17.55639           0.224478           0.616249           0.224478           0.616249
        17.59398           0.216938           0.616108           0.216938           0.616108
        17.63158           0.209286           0.617601           0.209286           0.617601
        17.66917           0.202177           0.620637           0.202177           0.620637
        17.70677           0.196397           0.624997           0.196397           0.624997
        17.74436           0.192471           0.629540           0.192471           0.629540
        17.78195           0.189621           0.633378           0.189621           0.633378
        17.81955           0.187314           0.636698           0.187314           0.636698
        17.85714           0.185556           0.639392           0.185555           0.639392
        17.89474           0.184085           0.641022           0.184085           0.641022
        17.93233           0.181769           0.641232           0.181769           0.641232
        17.96992           0.177273           0.641424           0.177273           0.641424
        18.00752           0.171344           0.643614           0.171344           0.643614
        18.04511           0.165957           0.648422           0.165957           0.648422
        18.08271           0.162925           0.654703           0.162925           0.654703
        18.12030           0.162314           0.660334           0.162314           0.660334
        18.15789           0.162521           0.664451           0.162521           0.664451
        18.19549           0.162754           0.667966           0.162754           0.667967
        18.23308           0.163706           0.671112           0.163706           0.671112
        18.27068           0.165282           0.672940           0.165282           0.672940
        18.30827           0.166407           0.673413           0.166407           0.673413
        18.34586           0.166873           0.673180           0.166873           0.673180
        18.38346           0.166737           0.672182           0.166737           0.672182
        18.42105           0.165319           0.670409           0.165319           0.670409
        18.45864           0.161961           0.668811           0.161961           0.668811
        18.49624           0.157015           0.668806           0.157015           0.668806
        18.53383           0.151984           0.671165           0.151984           0.671165
        18.57143           0.148457           0.675212           0.148457           0.675212
        18.60902           0.146953           0.679340           0.146953           0.679341
        18.64661           0.146410           0.682250           0.146410           0.682250
        18.68421           0.145497           0.684454           0.145497           0.684454
        18.72180           0.144460           0.686857           0.144460           0.686857
        18.75940           0.143782           0.689342           0.143782           0.689342
        18.79699           0.143586           0.691640           0.143586           0.691640
        18.83459           0.143655           0.693319           0.143655           0.693319
        18.87218           0.143498           0.694601           0.143498           0.694601
        18.90977           0.143293           0.695715           0.143293           0.695715
        18.94737           0.143147           0.696574           0.143147           0.696574
        18.98496           0.143022           0.696669           0.143022           0.696669
        19.02256           0.141736           0.695934           0.141736           0.695934
        19.06015           0.138915           0.695900           0.138915           0.695900
        19.09774           0.135747           0.697303           0.135747           0.697303
        19.13534           0.133062           0.699790           0.133062           0.699790
        19.17293           0.131226           0.702811           0.131226           0.702811
        19.21053           0.130079           0.705871           0.130079           0.705871
        19.24812           0.129487           0.708919           0.129487           0.708919
        19.28571           0.129330           0.711801           0.129330           0.711801
        19.32331           0.129666           0.714852           0.129666           0.714852
        19.36090           0.131297           0.717505           0.131297           0.717505
        19.39849           0.133571           0.718454           0.133571           0.718454
        19.43609           0.134860           0.717617           0.134860           0.717617
        19.47368           0.133984           0.716589           0.133984           0.716589
        19.51128           0.132069           0.717280           0.132069           0.717280
        19.54887           0.131047           0.719322           0.131047           0.719322
        19.58647           0.131271           0.721343           0.131271           0.721343
        19.62406           0.132278           0.722509           0.132278           0.722509
        19.66165           0.132989           0.722246           0.132989           0.722246
        19.69925           0.131860           0.721570           0.131860           0.721570
        19.73684           0.129311           0.722719           0.129311           0.722719
        19.77444           0.127767           0.726452           0.127767           0.726452
        19.81203           0.129272           0.730880           0.129272           0.730880
        19.84962           0.133107           0.733202           0.133107           0.733202
        19.88722           0.136544           0.732966           0.136544           0.732966
        19.92481           0.138442           0.732245           0.138442           0.732245
        19.96240           0.140304           0.732611           0.140304           0.732611
        20.00000           0.144354           0.732744           0.144354           0.732744
# 
# 06/08/2026 at 15:53 yambo @ compute-8-01 [start]
# 06/08/2026 at 15:54                      [end]
#  
# Timing   [Min/Max/Average]: 40s/40s/40s
#
# .-Input file  IPA-8.in
# | optics                           # [R] Linear Response optical properties
# | dipoles                          # [R] Oscillator strenghts (or dipoles)
# | kernel                           # [R] Kernel
# | chi                              # [R][CHI] Dyson equation for Chi.
# | BoseTemp= 0.000000         eV    # Bosonic Temperature
# | DIP_CPU= "4.2.2"                 # [PARALLEL] CPUs for each role
# | DIP_ROLEs= "v.c.k"               # [PARALLEL] CPUs roles (k,c,v)
# | DIP_Threads= 20                  # [OPENMP/X] Number of threads for dipoles
# | X_CPU= "4.2.2.1"                 # [PARALLEL] CPUs for each role
# | X_ROLEs= "c.v.k.q"               # [PARALLEL] CPUs roles (q,g,k,c,v)
# | X_nCPU_LinAlg_INV=  4            # [PARALLEL] CPUs for Linear Algebra (if -1 it is automatically set)
# | X_Threads= 20                    # [OPENMP/X] Number of threads for response functions
# | Chimod= "HARTREE"                # [X] IP/Hartree/ALDA/LRC/PF/BSfxc
# | DipComputed= "R V P [G-space]"   # [DIP] [default R P V; extra P2 Spin Orb]
# | NGsBlkXd= 1                RL    # [Xd] Response block size
# | % QpntsRXd
# |  1 | 1 |                             # [Xd] Transferred momenta
# | %
# | % BndsRnXd
# |    1 | 110 |                         # [Xd] Polarization function bands
# | %
# | % EnRngeXd
# |   5.00000 | 20.00000 |         eV    # [Xd] Energy range
# | %
# | % DmRngeXd
# |  0.100000 | 0.100000 |         eV    # [Xd] Damping range
# | %
# | ETStpsXd=  400                   # [Xd] Total Energy steps
# | % LongDrXd
# |  1.000000 | 0.000000 | 0.000000 |        # [Xd] [cc] Electric Field
# | %
