#                                                                     
# $$\                                                                 
# $$ |                                                                
# $$ |     $$\   $$\ $$$$$$\$$$$\   $$$$$$\  $$$$$$$\                 
# $$ |     $$ |  $$ |$$  _$$  _$$\ $$  __$$\ $$  __$$\                
# $$ |     $$ |  $$ |$$ / $$ / $$ |$$$$$$$$ |$$ |  $$ |               
# $$ |     $$ |  $$ |$$ | $$ | $$ |$$   ____|$$ |  $$ |               
# $$$$$$$$\\$$$$$$  |$$ | $$ | $$ |\$$$$$$$\ $$ |  $$ |               
# \________|\______/ \__| \__| \__| \_______|\__|  \__|               
#                                                                     
#                   Fork Lumen 2.1.0                                  
#                  Branch is bug-fixes                                
#        MPI+OpenMP+SLK+SLEPC+HDF5_MPI_IO Build                       
#               http://www.lumen-code.org                             
#
# Absorption @ Q(1):   1.00000000      0.00000000      0.00000000    [q->0 direction]
#
# [ X ] Hartree size                              :  1
# [GEN] GF Energies                               : Perdew, Burke & Ernzerhof(X)+Perdew, Burke & Ernzerhof(C)
# [GEN] Green`s Function                          : T-ordered
#
# [GEN] Gauge                                     : Length
# [GEN] [r,Vnl] included                          : yes
#
#    E[1] [eV]          Im(eps)            Re(eps)            Im(eps_o)          Re(eps_o)
#
        5.000000           1.945639           2.752344           1.945638           2.752344
        5.037593           2.111957           2.752809           2.111956           2.752809
        5.075188           2.278314           2.725896           2.278314           2.725895
        5.112782           2.455261           2.676498           2.455260           2.676498
        5.150376           2.637644           2.586624           2.637645           2.586624
        5.187970           2.800009           2.461107           2.800011           2.461107
        5.225564           2.946245           2.327999           2.946245           2.327999
        5.263157           3.112005           2.180107           3.112006           2.180107
        5.300752           3.296218           1.961556           3.296219           1.961555
        5.338346           3.426904           1.644837           3.426904           1.644837
        5.375940           3.439718           1.290309           3.439718           1.290308
        5.413534           3.359169           0.970840           3.359169           0.970840
        5.451128           3.225121           0.691361           3.225121           0.691360
        5.488721           3.042696           0.452610           3.042695           0.452610
        5.526316           2.818839           0.269063           2.818839           0.269063
        5.563910           2.577473           0.158331           2.577473           0.158331
        5.601503           2.355456           0.112715           2.355456           0.112715
        5.639097           2.167986           0.100254           2.167986           0.100253
        5.676692           1.999020           0.102053           1.999019           0.102053
        5.714285           1.842992           0.126304           1.842992           0.126304
        5.751880           1.709216           0.169411           1.709216           0.169411
        5.789474           1.597783           0.222814           1.597783           0.222814
        5.827067           1.506056           0.281967           1.506056           0.281967
        5.864661           1.433394           0.344980           1.433394           0.344980
        5.902255           1.380088           0.406593           1.380088           0.406593
        5.939849           1.340673           0.461130           1.340674           0.461130
        5.977444           1.306628           0.512055           1.306628           0.512054
        6.015037           1.283072           0.568141           1.283072           0.568141
        6.052631           1.279745           0.622083           1.279745           0.622083
        6.090225           1.292920           0.664713           1.292920           0.664713
        6.127820           1.320557           0.691703           1.320557           0.691703
        6.165413           1.355271           0.695103           1.355271           0.695103
        6.203007           1.386173           0.675529           1.386173           0.675529
        6.240601           1.407097           0.636525           1.407097           0.636525
        6.278195           1.412193           0.578306           1.412193           0.578306
        6.315789           1.385058           0.505980           1.385058           0.505980
        6.353383           1.317402           0.447633           1.317402           0.447633
        6.390977           1.232253           0.427769           1.232253           0.427769
        6.428571           1.160707           0.439806           1.160707           0.439806
        6.466165           1.109509           0.459011           1.109509           0.459011
        6.503759           1.065199           0.476689           1.065199           0.476689
        6.541353           1.024754           0.499501           1.024754           0.499501
        6.578947           0.993927           0.526070           0.993927           0.526070
        6.616541           0.972429           0.550669           0.972429           0.550669
        6.654135           0.957816           0.570502           0.957816           0.570502
        6.691729           0.947229           0.581890           0.947229           0.581890
        6.729323           0.932175           0.583830           0.932175           0.583830
        6.766917           0.905851           0.585349           0.905851           0.585349
        6.804511           0.874315           0.598220           0.874315           0.598220
        6.842104           0.851587           0.620508           0.851587           0.620508
        6.879699           0.839085           0.639128           0.839085           0.639128
        6.917293           0.826826           0.651198           0.826826           0.651198
        6.954887           0.812846           0.663797           0.812846           0.663797
        6.992481           0.803581           0.676220           0.803581           0.676220
        7.030074           0.796906           0.680133           0.796906           0.680133
        7.067669           0.781142           0.675102           0.781142           0.675102
        7.105263           0.750276           0.674794           0.750276           0.674794
        7.142857           0.716353           0.690147           0.716353           0.690147
        7.180451           0.691040           0.713604           0.691040           0.713604
        7.218045           0.671438           0.736882           0.671438           0.736882
        7.255639           0.653022           0.759995           0.653022           0.759995
        7.293232           0.634461           0.786471           0.634461           0.786471
        7.330826           0.619856           0.819169           0.619856           0.819169
        7.368421           0.614859           0.854723           0.614859           0.854723
        7.406014           0.618222           0.884681           0.618222           0.884681
        7.443608           0.620499           0.908960           0.620499           0.908960
        7.481203           0.621700           0.936461           0.621700           0.936461
        7.518797           0.629830           0.968044           0.629830           0.968044
        7.556391           0.649670           0.997295           0.649670           0.997295
        7.593984           0.678843           1.014819           0.678843           1.014819
        7.631578           0.707860           1.016495           0.707860           1.016495
        7.669173           0.727510           1.005091           0.727510           1.005091
        7.706767           0.730250           0.988986           0.730250           0.988986
        7.744360           0.718350           0.982948           0.718351           0.982948
        7.781955           0.706026           0.990806           0.706026           0.990806
        7.819549           0.698080           1.004461           0.698080           1.004461
        7.857142           0.691562           1.023961           0.691562           1.023961
        7.894736           0.692127           1.051959           0.692127           1.051959
        7.932330           0.705417           1.082760           0.705417           1.082760
        7.969924           0.731299           1.108986           0.731299           1.108986
        8.007519           0.764383           1.125980           0.764383           1.125980
        8.045113           0.801185           1.136491           0.801185           1.136491
        8.082706           0.845906           1.139529           0.845906           1.139530
        8.120299           0.897845           1.125357           0.897845           1.125357
        8.157894           0.943677           1.086235           0.943677           1.086236
        8.195488           0.965179           1.031772           0.965179           1.031772
        8.233082           0.963157           0.983322           0.963157           0.983322
        8.270677           0.952498           0.946072           0.952498           0.946072
        8.308270           0.936389           0.914865           0.936389           0.914865
        8.345864           0.915317           0.893124           0.915317           0.893124
        8.383458           0.897088           0.880909           0.897088           0.880909
        8.421052           0.884378           0.870553           0.884378           0.870553
        8.458646           0.872246           0.859226           0.872246           0.859226
        8.496240           0.860034           0.849410           0.860034           0.849410
        8.533834           0.849441           0.839616           0.849441           0.839616
        8.571428           0.837884           0.828075           0.837884           0.828075
        8.609021           0.823950           0.817507           0.823950           0.817507
        8.646616           0.810189           0.809049           0.810189           0.809049
        8.684210           0.799096           0.799673           0.799096           0.799673
        8.721804           0.786598           0.783078           0.786598           0.783078
        8.759398           0.761703           0.764060           0.761703           0.764060
        8.796992           0.728527           0.754994           0.728527           0.754994
        8.834586           0.695937           0.753613           0.695937           0.753613
        8.872180           0.661670           0.756333           0.661670           0.756333
        8.909773           0.625173           0.768059           0.625173           0.768059
        8.947368           0.592869           0.790279           0.592869           0.790279
        8.984962           0.568998           0.819324           0.568998           0.819324
        9.022555           0.555084           0.849982           0.555084           0.849982
        9.060150           0.547700           0.877623           0.547701           0.877623
        9.097744           0.542783           0.903488           0.542783           0.903488
        9.135338           0.541185           0.929449           0.541185           0.929449
        9.172933           0.542980           0.954166           0.542980           0.954166
        9.210526           0.547052           0.978778           0.547052           0.978778
        9.248120           0.555673           1.004342           0.555673           1.004342
        9.285713           0.571139           1.028130           0.571139           1.028130
        9.323307           0.591850           1.047077           0.591850           1.047077
        9.360902           0.617223           1.061029           0.617223           1.061029
        9.398496           0.647161           1.066186           0.647161           1.066186
        9.436090           0.676861           1.059931           0.676861           1.059931
        9.473684           0.701323           1.042282           0.701323           1.042282
        9.511277           0.714080           1.016153           0.714080           1.016153
        9.548872           0.712154           0.990133           0.712154           0.990133
        9.586466           0.700124           0.970900           0.700124           0.970900
        9.624060           0.682134           0.959869           0.682134           0.959869
        9.661654           0.661681           0.958987           0.661681           0.958987
        9.699247           0.644653           0.967650           0.644653           0.967650
        9.736841           0.633686           0.980912           0.633686           0.980912
        9.774436           0.627023           0.996583           0.627023           0.996583
        9.812029           0.625605           1.015548           0.625605           1.015548
        9.849624           0.632576           1.035438           0.632576           1.035438
        9.887218           0.648520           1.051281           0.648520           1.051281
        9.924811           0.670640           1.057419           0.670640           1.057419
        9.962406           0.691025           1.050547           0.691025           1.050547
        9.999999           0.699792           1.035723           0.699792           1.035723
        10.03759           0.696629           1.025997           0.696629           1.025997
        10.07519           0.692837           1.025353           0.692837           1.025353
        10.11278           0.692775           1.027137           0.692775           1.027137
        10.15038           0.693861           1.028626           0.693861           1.028626
        10.18797           0.694905           1.030410           0.694905           1.030410
        10.22556           0.695571           1.033462           0.695571           1.033462
        10.26316           0.697456           1.039145           0.697456           1.039145
        10.30075           0.702895           1.046216           0.702895           1.046215
        10.33835           0.712999           1.052031           0.712999           1.052031
        10.37594           0.725754           1.052326           0.725754           1.052326
        10.41353           0.735215           1.047677           0.735215           1.047677
        10.45113           0.739804           1.043209           0.739804           1.043209
        10.48872           0.742431           1.042778           0.742431           1.042778
        10.52631           0.747876           1.045819           0.747876           1.045819
        10.56391           0.757802           1.049119           0.757802           1.049119
        10.60150           0.773068           1.049284           0.773068           1.049284
        10.63910           0.789897           1.039854           0.789897           1.039854
        10.67669           0.796816           1.023099           0.796816           1.023099
        10.71428           0.793277           1.012394           0.793277           1.012394
        10.75188           0.789840           1.010666           0.789840           1.010666
        10.78947           0.789475           1.013807           0.789475           1.013807
        10.82707           0.794427           1.022115           0.794427           1.022115
        10.86466           0.809906           1.030715           0.809906           1.030715
        10.90225           0.832778           1.032123           0.832778           1.032123
        10.93985           0.859071           1.026320           0.859071           1.026320
        10.97744           0.888278           1.010414           0.888279           1.010414
        11.01504           0.914024           0.981338           0.914024           0.981338
        11.05263           0.929142           0.941572           0.929142           0.941572
        11.09022           0.928079           0.897424           0.928080           0.897424
        11.12782           0.910053           0.859320           0.910053           0.859320
        11.16541           0.883483           0.836400           0.883483           0.836400
        11.20301           0.860710           0.825942           0.860710           0.825942
        11.24060           0.842725           0.818765           0.842725           0.818765
        11.27819           0.825365           0.814554           0.825365           0.814554
        11.31579           0.811022           0.814764           0.811022           0.814764
        11.35338           0.801064           0.815722           0.801064           0.815722
        11.39098           0.792066           0.815720           0.792066           0.815720
        11.42857           0.783152           0.818181           0.783152           0.818181
        11.46616           0.778216           0.822911           0.778216           0.822911
        11.50376           0.776967           0.826169           0.776967           0.826169
        11.54135           0.777336           0.828357           0.777336           0.828357
        11.57895           0.780867           0.828798           0.780867           0.828798
        11.61654           0.785306           0.824675           0.785306           0.824675
        11.65413           0.787692           0.816889           0.787692           0.816889
        11.69173           0.785982           0.807484           0.785982           0.807484
        11.72932           0.780864           0.799814           0.780864           0.799814
        11.76692           0.774283           0.794303           0.774283           0.794303
        11.80451           0.766369           0.791267           0.766369           0.791267
        11.84210           0.758449           0.792602           0.758449           0.792602
        11.87970           0.754340           0.797678           0.754340           0.797678
        11.91729           0.754648           0.803089           0.754648           0.803089
        11.95489           0.758417           0.808154           0.758417           0.808154
        11.99248           0.766676           0.812378           0.766676           0.812378
        12.03007           0.780746           0.812725           0.780746           0.812725
        12.06767           0.797973           0.804195           0.797973           0.804195
        12.10526           0.811741           0.785854           0.811742           0.785854
        12.14286           0.816726           0.761519           0.816726           0.761519
        12.18045           0.811652           0.738003           0.811652           0.738003
        12.21804           0.800326           0.719863           0.800326           0.719863
        12.25564           0.786927           0.708218           0.786927           0.708218
        12.29323           0.775504           0.701792           0.775504           0.701792
        12.33083           0.767654           0.696707           0.767655           0.696707
        12.36842           0.761176           0.690085           0.761175           0.690085
        12.40601           0.753050           0.682812           0.753050           0.682812
        12.44361           0.743675           0.677992           0.743675           0.677992
        12.48120           0.736402           0.675581           0.736402           0.675581
        12.51880           0.732223           0.672163           0.732223           0.672163
        12.55639           0.727955           0.665109           0.727955           0.665109
        12.59398           0.719428           0.656955           0.719428           0.656955
        12.63158           0.708016           0.652643           0.708016           0.652643
        12.66917           0.698188           0.652224           0.698188           0.652224
        12.70677           0.690879           0.652958           0.690879           0.652959
        12.74436           0.685570           0.654284           0.685570           0.654284
        12.78195           0.683130           0.655431           0.683130           0.655431
        12.81955           0.683306           0.654122           0.683306           0.654122
        12.85714           0.683621           0.649010           0.683621           0.649010
        12.89474           0.681598           0.641234           0.681598           0.641234
        12.93233           0.676732           0.633192           0.676732           0.633192
        12.96992           0.670518           0.625600           0.670518           0.625600
        13.00752           0.662327           0.617664           0.662328           0.617664
        13.04511           0.651018           0.611259           0.651018           0.611259
        13.08271           0.637993           0.608702           0.637993           0.608702
        13.12030           0.626457           0.610709           0.626457           0.610709
        13.15789           0.619216           0.614257           0.619216           0.614257
        13.19549           0.614160           0.616066           0.614160           0.616066
        13.23308           0.609068           0.617671           0.609068           0.617671
        13.27067           0.605742           0.620065           0.605742           0.620064
        13.30827           0.605026           0.621118           0.605026           0.621118
        13.34586           0.605298           0.619078           0.605298           0.619078
        13.38346           0.604146           0.614463           0.604146           0.614463
        13.42105           0.601586           0.609015           0.601586           0.609015
        13.45864           0.597689           0.601657           0.597689           0.601657
        13.49624           0.589222           0.593687           0.589222           0.593687
        13.53383           0.577476           0.589893           0.577476           0.589893
        13.57143           0.566960           0.590290           0.566960           0.590290
        13.60902           0.559049           0.592244           0.559049           0.592244
        13.64662           0.553578           0.594097           0.553578           0.594097
        13.68421           0.549691           0.593959           0.549691           0.593959
        13.72180           0.544474           0.591198           0.544474           0.591198
        13.75940           0.535374           0.588868           0.535375           0.588868
        13.79699           0.525023           0.591099           0.525023           0.591099
        13.83459           0.517904           0.596290           0.517904           0.596290
        13.87218           0.513590           0.600963           0.513590           0.600963
        13.90977           0.510188           0.605243           0.510188           0.605243
        13.94737           0.508944           0.609999           0.508944           0.609999
        13.98496           0.510752           0.612255           0.510752           0.612255
        14.02256           0.511869           0.610453           0.511869           0.610453
        14.06015           0.510299           0.607458           0.510299           0.607458
        14.09774           0.506987           0.604920           0.506987           0.604920
        14.13534           0.502759           0.603711           0.502759           0.603711
        14.17293           0.499476           0.603730           0.499476           0.603730
        14.21053           0.497522           0.602781           0.497522           0.602781
        14.24812           0.494477           0.599984           0.494477           0.599984
        14.28571           0.488688           0.597978           0.488688           0.597978
        14.32331           0.482471           0.599426           0.482471           0.599426
        14.36090           0.479322           0.603454           0.479322           0.603454
        14.39849           0.480731           0.606658           0.480731           0.606658
        14.43609           0.484880           0.605344           0.484880           0.605344
        14.47368           0.487335           0.598595           0.487335           0.598595
        14.51128           0.484793           0.589679           0.484793           0.589679
        14.54887           0.478197           0.582401           0.478197           0.582401
        14.58646           0.469837           0.577777           0.469837           0.577777
        14.62406           0.461289           0.575600           0.461289           0.575600
        14.66165           0.453268           0.574902           0.453268           0.574903
        14.69925           0.445415           0.575744           0.445415           0.575744
        14.73684           0.439408           0.578701           0.439408           0.578701
        14.77444           0.436564           0.581073           0.436564           0.581073
        14.81203           0.434615           0.581017           0.434615           0.581017
        14.84962           0.431744           0.579409           0.431744           0.579409
        14.88722           0.427718           0.577510           0.427718           0.577510
        14.92481           0.422851           0.575700           0.422851           0.575700
        14.96240           0.417053           0.574591           0.417053           0.574591
        15.00000           0.411175           0.574794           0.411175           0.574794
        15.03759           0.406207           0.576214           0.406207           0.576214
        15.07519           0.403392           0.577770           0.403392           0.577770
        15.11278           0.402171           0.577081           0.402171           0.577081
        15.15037           0.399963           0.573514           0.399963           0.573514
        15.18797           0.394753           0.568670           0.394753           0.568670
        15.22556           0.386564           0.565169           0.386564           0.565169
        15.26316           0.377277           0.564252           0.377277           0.564252
        15.30075           0.368303           0.565582           0.368303           0.565582
        15.33835           0.360596           0.568671           0.360596           0.568671
        15.37594           0.354941           0.572286           0.354941           0.572286
        15.41353           0.350662           0.574786           0.350662           0.574786
        15.45113           0.346039           0.576043           0.346039           0.576043
        15.48872           0.340228           0.577309           0.340228           0.577309
        15.52632           0.333853           0.579938           0.333853           0.579938
        15.56391           0.328387           0.583889           0.328387           0.583889
        15.60150           0.324294           0.588168           0.324294           0.588168
        15.63910           0.321492           0.591987           0.321492           0.591987
        15.67669           0.319242           0.594517           0.319242           0.594517
        15.71428           0.316188           0.596144           0.316188           0.596144
        15.75188           0.312253           0.598200           0.312253           0.598200
        15.78947           0.308380           0.601242           0.308380           0.601242
        15.82707           0.305509           0.604768           0.305509           0.604768
        15.86466           0.303511           0.607706           0.303511           0.607706
        15.90226           0.301509           0.609882           0.301509           0.609882
        15.93985           0.299067           0.611651           0.299067           0.611651
        15.97744           0.295892           0.613745           0.295892           0.613745
        16.01504           0.292939           0.616816           0.292939           0.616816
        16.05263           0.290735           0.620028           0.290735           0.620028
        16.09023           0.288850           0.623253           0.288850           0.623253
        16.12782           0.287501           0.626552           0.287501           0.626552
        16.16541           0.286466           0.629708           0.286466           0.629708
        16.20301           0.285913           0.633373           0.285913           0.633373
        16.24060           0.287177           0.637103           0.287177           0.637103
        16.27819           0.290220           0.638901           0.290220           0.638901
        16.31579           0.292974           0.637887           0.292974           0.637886
        16.35338           0.293940           0.635293           0.293940           0.635293
        16.39098           0.293123           0.632383           0.293123           0.632383
        16.42857           0.290981           0.629810           0.290981           0.629810
        16.46616           0.287858           0.627676           0.287858           0.627676
        16.50376           0.283702           0.626314           0.283702           0.626314
        16.54135           0.278980           0.626429           0.278980           0.626429
        16.57895           0.274945           0.628132           0.274945           0.628132
        16.61654           0.272459           0.630148           0.272459           0.630148
        16.65413           0.270632           0.631166           0.270632           0.631166
        16.69173           0.267948           0.631653           0.267948           0.631653
        16.72932           0.264536           0.633472           0.264536           0.633472
        16.76692           0.262823           0.636914           0.262823           0.636914
        16.80451           0.263872           0.639299           0.263872           0.639299
        16.84210           0.265680           0.638501           0.265680           0.638501
        16.87970           0.265368           0.634725           0.265368           0.634725
        16.91729           0.260806           0.630587           0.260806           0.630587
        16.95489           0.253114           0.629866           0.253114           0.629866
        16.99248           0.245958           0.633521           0.245958           0.633521
        17.03008           0.241709           0.639737           0.241709           0.639737
        17.06767           0.240739           0.646371           0.240739           0.646371
        17.10526           0.242553           0.652236           0.242553           0.652236
        17.14285           0.247007           0.656214           0.247007           0.656214
        17.18045           0.252865           0.656748           0.252865           0.656748
        17.21804           0.257873           0.653710           0.257873           0.653710
        17.25564           0.260586           0.648536           0.260587           0.648536
        17.29323           0.260992           0.642593           0.260992           0.642593
        17.33083           0.259377           0.636783           0.259377           0.636783
        17.36842           0.256616           0.631506           0.256616           0.631506
        17.40601           0.252899           0.626131           0.252899           0.626131
        17.44361           0.247320           0.620910           0.247320           0.620910
        17.48120           0.240125           0.617213           0.240125           0.617213
        17.51880           0.232574           0.615124           0.232574           0.615124
        17.55639           0.224782           0.614016           0.224782           0.614016
        17.59398           0.216525           0.614190           0.216525           0.614190
        17.63158           0.208343           0.616044           0.208343           0.616044
        17.66917           0.200882           0.619445           0.200882           0.619445
        17.70677           0.194576           0.624069           0.194576           0.624069
        17.74436           0.189907           0.629566           0.189907           0.629566
        17.78195           0.187337           0.634994           0.187337           0.634994
        17.81955           0.186346           0.639075           0.186346           0.639075
        17.85714           0.185566           0.641434           0.185566           0.641434
        17.89474           0.184125           0.642749           0.184125           0.642749
        17.93233           0.181788           0.643585           0.181788           0.643585
        17.96992           0.178284           0.644714           0.178284           0.644714
        18.00752           0.174396           0.647208           0.174396           0.647208
        18.04511           0.171528           0.650579           0.171528           0.650579
        18.08271           0.169492           0.653610           0.169492           0.653610
        18.12030           0.167529           0.656369           0.167529           0.656369
        18.15789           0.165724           0.659209           0.165724           0.659209
        18.19549           0.164246           0.662049           0.164246           0.662049
        18.23308           0.163090           0.664805           0.163090           0.664805
        18.27068           0.162346           0.667444           0.162346           0.667444
        18.30827           0.162149           0.669706           0.162149           0.669706
        18.34586           0.162399           0.671084           0.162399           0.671084
        18.38346           0.162320           0.671061           0.162320           0.671061
        18.42105           0.160591           0.670193           0.160591           0.670193
        18.45864           0.157084           0.670267           0.157084           0.670267
        18.49624           0.153351           0.672131           0.153351           0.672131
        18.53383           0.150516           0.674976           0.150516           0.674976
        18.57143           0.148495           0.677968           0.148495           0.677968
        18.60902           0.146980           0.680888           0.146980           0.680888
        18.64661           0.145830           0.683669           0.145830           0.683669
        18.68421           0.144828           0.686350           0.144828           0.686350
        18.72180           0.144123           0.689284           0.144123           0.689284
        18.75940           0.144349           0.692159           0.144349           0.692159
        18.79699           0.145271           0.694028           0.145271           0.694028
        18.83459           0.145882           0.694791           0.145882           0.694791
        18.87218           0.145794           0.695153           0.145794           0.695153
        18.90977           0.145284           0.695467           0.145283           0.695467
        18.94737           0.144392           0.695682           0.144392           0.695682
        18.98496           0.143055           0.696027           0.143055           0.696027
        19.02256           0.141490           0.696600           0.141490           0.696600
        19.06015           0.139657           0.697349           0.139657           0.697349
        19.09774           0.137554           0.698571           0.137554           0.698571
        19.13534           0.135613           0.700387           0.135613           0.700387
        19.17293           0.134039           0.702530           0.134039           0.702530
        19.21053           0.132931           0.704896           0.132931           0.704896
        19.24812           0.132401           0.707107           0.132401           0.707107
        19.28571           0.132033           0.708897           0.132033           0.708897
        19.32331           0.131567           0.710590           0.131567           0.710590
        19.36090           0.131280           0.712319           0.131280           0.712319
        19.39849           0.131208           0.713789           0.131208           0.713789
        19.43609           0.131023           0.714906           0.131023           0.714906
        19.47368           0.130428           0.715992           0.130428           0.715992
        19.51128           0.129680           0.717604           0.129680           0.717604
        19.54887           0.129512           0.719600           0.129512           0.719600
        19.58647           0.129955           0.721293           0.129955           0.721293
        19.62406           0.130568           0.722439           0.130568           0.722439
        19.66165           0.130957           0.723174           0.130957           0.723174
        19.69925           0.131071           0.723902           0.131071           0.723902
        19.73684           0.131117           0.724632           0.131117           0.724632
        19.77444           0.130911           0.725506           0.130911           0.725506
        19.81203           0.130846           0.726887           0.130846           0.726887
        19.84962           0.131286           0.728439           0.131286           0.728440
        19.88722           0.132139           0.730110           0.132139           0.730110
        19.92481           0.133898           0.731869           0.133898           0.731869
        19.96240           0.136643           0.732935           0.136643           0.732935
        20.00000           0.139980           0.733084           0.139980           0.733084
# 
# 06/08/2026 at 22:54 yambo @ compute-8-01 [start]
# 06/08/2026 at 22:57                      [end]
#  
# Timing   [Min/Max/Average]: 02m-41s/02m-41s/02m-41s
#
# .-Input file  IPA-18.in
# | optics                           # [R] Linear Response optical properties
# | dipoles                          # [R] Oscillator strenghts (or dipoles)
# | kernel                           # [R] Kernel
# | chi                              # [R][CHI] Dyson equation for Chi.
# | BoseTemp= 0.000000         eV    # Bosonic Temperature
# | DIP_CPU= "4.2.2"                 # [PARALLEL] CPUs for each role
# | DIP_ROLEs= "v.c.k"               # [PARALLEL] CPUs roles (k,c,v)
# | DIP_Threads= 20                  # [OPENMP/X] Number of threads for dipoles
# | X_CPU= "4.2.2.1"                 # [PARALLEL] CPUs for each role
# | X_ROLEs= "c.v.k.q"               # [PARALLEL] CPUs roles (q,g,k,c,v)
# | X_nCPU_LinAlg_INV=  4            # [PARALLEL] CPUs for Linear Algebra (if -1 it is automatically set)
# | X_Threads= 20                    # [OPENMP/X] Number of threads for response functions
# | Chimod= "HARTREE"                # [X] IP/Hartree/ALDA/LRC/PF/BSfxc
# | DipComputed= "R V P [G-space]"   # [DIP] [default R P V; extra P2 Spin Orb]
# | NGsBlkXd= 1                RL    # [Xd] Response block size
# | % QpntsRXd
# |  1 | 1 |                             # [Xd] Transferred momenta
# | %
# | % BndsRnXd
# |    1 | 110 |                         # [Xd] Polarization function bands
# | %
# | % EnRngeXd
# |   5.00000 | 20.00000 |         eV    # [Xd] Energy range
# | %
# | % DmRngeXd
# |  0.100000 | 0.100000 |         eV    # [Xd] Damping range
# | %
# | ETStpsXd=  400                   # [Xd] Total Energy steps
# | % LongDrXd
# |  1.000000 | 0.000000 | 0.000000 |        # [Xd] [cc] Electric Field
# | %
