#                                                                     
# $$\                                                                 
# $$ |                                                                
# $$ |     $$\   $$\ $$$$$$\$$$$\   $$$$$$\  $$$$$$$\                 
# $$ |     $$ |  $$ |$$  _$$  _$$\ $$  __$$\ $$  __$$\                
# $$ |     $$ |  $$ |$$ / $$ / $$ |$$$$$$$$ |$$ |  $$ |               
# $$ |     $$ |  $$ |$$ | $$ | $$ |$$   ____|$$ |  $$ |               
# $$$$$$$$\\$$$$$$  |$$ | $$ | $$ |\$$$$$$$\ $$ |  $$ |               
# \________|\______/ \__| \__| \__| \_______|\__|  \__|               
#                                                                     
#                   Fork Lumen 2.1.0                                  
#                  Branch is bug-fixes                                
#        MPI+OpenMP+SLK+SLEPC+HDF5_MPI_IO Build                       
#               http://www.lumen-code.org                             
#
# Absorption @ Q(1):   1.00000000      0.00000000      0.00000000    [q->0 direction]
#
# [ X ] Hartree size                              :  1
# [GEN] GF Energies                               : Perdew, Burke & Ernzerhof(X)+Perdew, Burke & Ernzerhof(C)
# [GEN] Green`s Function                          : T-ordered
#
# [GEN] Gauge                                     : Length
# [GEN] [r,Vnl] included                          : yes
#
#    E[1] [eV]          Im(eps)            Re(eps)            Im(eps_o)          Re(eps_o)
#
        5.000000           1.949428           2.752176           1.949429           2.752176
        5.037593           2.114106           2.758563           2.114107           2.758563
        5.075188           2.284154           2.725851           2.284153           2.725851
        5.112782           2.446423           2.666837           2.446424           2.666838
        5.150376           2.609022           2.596392           2.609022           2.596392
        5.187970           2.789089           2.498682           2.789091           2.498682
        5.225564           2.966075           2.353919           2.966075           2.353918
        5.263157           3.125322           2.175601           3.125322           2.175601
        5.300752           3.280073           1.962270           3.280071           1.962270
        5.338346           3.416487           1.675536           3.416487           1.675536
        5.375940           3.460845           1.314952           3.460845           1.314951
        5.413534           3.374655           0.965860           3.374655           0.965860
        5.451128           3.219591           0.691014           3.219591           0.691015
        5.488721           3.041423           0.459737           3.041423           0.459738
        5.526316           2.812343           0.270148           2.812343           0.270149
        5.563910           2.560995           0.171159           2.560995           0.171159
        5.601503           2.349130           0.140042           2.349130           0.140042
        5.639097           2.178696           0.124293           2.178696           0.124293
        5.676692           2.013857           0.110634           2.013858           0.110634
        5.714285           1.847641           0.126170           1.847641           0.126170
        5.751880           1.705112           0.173075           1.705112           0.173074
        5.789474           1.592538           0.231421           1.592538           0.231421
        5.827067           1.500200           0.293463           1.500200           0.293464
        5.864661           1.429427           0.362207           1.429427           0.362206
        5.902255           1.384465           0.423357           1.384465           0.423357
        5.939849           1.344453           0.470868           1.344453           0.470868
        5.977444           1.307931           0.524195           1.307931           0.524195
        6.015037           1.289511           0.577609           1.289511           0.577609
        6.052631           1.279946           0.623814           1.279946           0.623814
        6.090225           1.284176           0.673634           1.284175           0.673634
        6.127820           1.317661           0.709476           1.317661           0.709476
        6.165413           1.360674           0.708895           1.360674           0.708894
        6.203007           1.389066           0.681674           1.389066           0.681674
        6.240601           1.402933           0.643211           1.402933           0.643211
        6.278195           1.404756           0.591293           1.404756           0.591293
        6.315789           1.382117           0.528519           1.382117           0.528519
        6.353383           1.331857           0.469608           1.331857           0.469608
        6.390977           1.252977           0.425661           1.252977           0.425661
        6.428571           1.155720           0.421898           1.155720           0.421898
        6.466165           1.079011           0.460376           1.079011           0.460376
        6.503759           1.039367           0.508297           1.039367           0.508298
        6.541353           1.023637           0.544546           1.023637           0.544546
        6.578947           1.019182           0.563371           1.019182           0.563371
        6.616541           1.012586           0.562091           1.012586           0.562091
        6.654135           0.987692           0.549847           0.987692           0.549847
        6.691729           0.943468           0.548457           0.943468           0.548457
        6.729323           0.898373           0.568806           0.898373           0.568806
        6.766917           0.868141           0.601523           0.868141           0.601523
        6.804511           0.853600           0.633522           0.853600           0.633522
        6.842104           0.849795           0.656710           0.849795           0.656710
        6.879699           0.846458           0.668542           0.846458           0.668541
        6.917293           0.839483           0.676905           0.839482           0.676905
        6.954887           0.833197           0.682616           0.833197           0.682616
        6.992481           0.826323           0.681553           0.826323           0.681553
        7.030074           0.810772           0.672269           0.810772           0.672269
        7.067669           0.779274           0.666286           0.779274           0.666286
        7.105263           0.741938           0.674989           0.741938           0.674989
        7.142857           0.708761           0.693405           0.708761           0.693405
        7.180451           0.678639           0.717739           0.678639           0.717740
        7.218045           0.654209           0.749557           0.654209           0.749557
        7.255639           0.640050           0.783690           0.640050           0.783690
        7.293232           0.632075           0.813909           0.632075           0.813909
        7.330826           0.625445           0.843077           0.625445           0.843077
        7.368421           0.623696           0.873387           0.623696           0.873387
        7.406014           0.627738           0.899936           0.627738           0.899936
        7.443608           0.632467           0.921012           0.632467           0.921012
        7.481203           0.634017           0.940750           0.634017           0.940750
        7.518797           0.635368           0.965994           0.635368           0.965994
        7.556391           0.646482           0.995538           0.646482           0.995538
        7.593984           0.670220           1.018351           0.670220           1.018351
        7.631578           0.699204           1.025162           0.699204           1.025162
        7.669173           0.718670           1.014830           0.718670           1.014830
        7.706767           0.717353           1.002993           0.717353           1.002993
        7.744360           0.707333           1.007497           0.707333           1.007497
        7.781955           0.706285           1.021104           0.706285           1.021103
        7.819549           0.709983           1.030979           0.709983           1.030979
        7.857142           0.710149           1.040683           0.710150           1.040683
        7.894736           0.710092           1.057494           0.710092           1.057494
        7.932330           0.717731           1.079180           0.717731           1.079180
        7.969924           0.731709           1.100168           0.731709           1.100168
        8.007519           0.752536           1.123525           0.752536           1.123525
        8.045113           0.787874           1.144218           0.787874           1.144218
        8.082706           0.835177           1.150931           0.835177           1.150931
        8.120299           0.885475           1.138707           0.885475           1.138707
        8.157894           0.929485           1.107917           0.929485           1.107917
        8.195488           0.959287           1.063794           0.959288           1.063794
        8.233082           0.971890           1.015633           0.971890           1.015633
        8.270677           0.971673           0.969760           0.971673           0.969760
        8.308270           0.960591           0.925585           0.960591           0.925585
        8.345864           0.934635           0.887272           0.934635           0.887272
        8.383458           0.898537           0.866614           0.898537           0.866614
        8.421052           0.868214           0.865609           0.868214           0.865609
        8.458646           0.854515           0.871612           0.854515           0.871612
        8.496240           0.852740           0.869160           0.852740           0.869161
        8.533834           0.848639           0.855156           0.848639           0.855156
        8.571428           0.833894           0.840095           0.833894           0.840095
        8.609021           0.815892           0.835389           0.815892           0.835389
        8.646616           0.809666           0.836323           0.809666           0.836323
        8.684210           0.814225           0.821717           0.814225           0.821717
        8.721804           0.801967           0.787385           0.801967           0.787385
        8.759398           0.763214           0.762200           0.763214           0.762200
        8.796992           0.720216           0.759835           0.720216           0.759835
        8.834586           0.687351           0.768236           0.687350           0.768236
        8.872180           0.659856           0.776065           0.659856           0.776065
        8.909773           0.630488           0.785471           0.630488           0.785471
        8.947368           0.600417           0.801320           0.600417           0.801320
        8.984962           0.573359           0.824808           0.573359           0.824808
        9.022555           0.553243           0.854178           0.553243           0.854178
        9.060150           0.540751           0.885310           0.540751           0.885310
        9.097744           0.534608           0.917321           0.534608           0.917321
        9.135338           0.536576           0.948457           0.536576           0.948457
        9.172933           0.544497           0.974206           0.544497           0.974206
        9.210526           0.553333           0.994918           0.553333           0.994918
        9.248120           0.561539           1.014714           0.561539           1.014714
        9.285713           0.572666           1.036632           0.572666           1.036632
        9.323307           0.591649           1.057698           0.591649           1.057698
        9.360902           0.617465           1.071562           0.617465           1.071562
        9.398496           0.645705           1.076963           0.645705           1.076963
        9.436090           0.675614           1.072772           0.675614           1.072772
        9.473684           0.701661           1.055038           0.701661           1.055038
        9.511277           0.714452           1.027819           0.714452           1.027819
        9.548872           0.711483           1.001240           0.711483           1.001240
        9.586466           0.697989           0.983109           0.697989           0.983109
        9.624060           0.680724           0.974150           0.680724           0.974150
        9.661654           0.661997           0.973300           0.661997           0.973300
        9.699247           0.645439           0.981478           0.645439           0.981478
        9.736841           0.635461           0.994663           0.635461           0.994663
        9.774436           0.629710           1.008417           0.629710           1.008417
        9.812029           0.626405           1.025556           0.626405           1.025556
        9.849624           0.631202           1.046532           0.631202           1.046532
        9.887218           0.647295           1.064224           0.647295           1.064224
        9.924811           0.670503           1.070756           0.670503           1.070757
        9.962406           0.691390           1.063509           0.691390           1.063509
        9.999999           0.700191           1.048299           0.700191           1.048299
        10.03759           0.696587           1.038209           0.696586           1.038209
        10.07519           0.692021           1.038498           0.692021           1.038498
        10.11278           0.693795           1.041603           0.693795           1.041603
        10.15038           0.696884           1.040134           0.696884           1.040134
        10.18797           0.694144           1.039038           0.694144           1.039037
        10.22556           0.690944           1.045839           0.690945           1.045838
        10.26316           0.695493           1.056083           0.695493           1.056083
        10.30075           0.705510           1.062110           0.705510           1.062110
        10.33835           0.715817           1.064016           0.715817           1.064016
        10.37594           0.725680           1.063790           0.725680           1.063790
        10.41353           0.734985           1.061117           0.734985           1.061117
        10.45113           0.741131           1.056406           0.741131           1.056406
        10.48872           0.743533           1.054394           0.743533           1.054394
        10.52631           0.747480           1.057205           0.747480           1.057205
        10.56391           0.756815           1.061302           0.756815           1.061302
        10.60150           0.771526           1.061575           0.771526           1.061575
        10.63910           0.787022           1.054105           0.787022           1.054105
        10.67669           0.796533           1.040329           0.796533           1.040329
        10.71428           0.796846           1.027456           0.796846           1.027456
        10.75188           0.792318           1.022398           0.792318           1.022398
        10.78947           0.790410           1.025415           0.790410           1.025414
        10.82707           0.794412           1.033048           0.794412           1.033048
        10.86466           0.807362           1.042595           0.807362           1.042595
        10.90225           0.830642           1.047571           0.830642           1.047571
        10.93985           0.860340           1.041752           0.860341           1.041752
        10.97744           0.889580           1.023663           0.889580           1.023663
        11.01504           0.914613           0.994690           0.914613           0.994690
        11.05263           0.930149           0.954683           0.930149           0.954682
        11.09022           0.928463           0.909637           0.928463           0.909637
        11.12782           0.909513           0.872241           0.909513           0.872241
        11.16541           0.883461           0.849262           0.883461           0.849262
        11.20301           0.859040           0.838578           0.859039           0.838578
        11.24060           0.840796           0.834411           0.840796           0.834411
        11.27819           0.827123           0.830774           0.827123           0.830774
        11.31579           0.813793           0.827249           0.813793           0.827249
        11.35338           0.800158           0.826561           0.800158           0.826561
        11.39098           0.788688           0.830231           0.788688           0.830231
        11.42857           0.782950           0.836092           0.782950           0.836092
        11.46616           0.782255           0.839174           0.782255           0.839174
        11.50376           0.781793           0.837902           0.781793           0.837903
        11.54135           0.778620           0.836664           0.778620           0.836664
        11.57895           0.776955           0.838067           0.776955           0.838067
        11.61654           0.778814           0.838834           0.778814           0.838834
        11.65413           0.783346           0.836761           0.783346           0.836761
        11.69173           0.788487           0.829376           0.788487           0.829376
        11.72932           0.789138           0.816453           0.789138           0.816453
        11.76692           0.780868           0.803622           0.780868           0.803622
        11.80451           0.767159           0.798687           0.767160           0.798687
        11.84210           0.755827           0.801944           0.755827           0.801944
        11.87970           0.749679           0.808952           0.749679           0.808952
        11.91729           0.748665           0.817880           0.748665           0.817880
        11.95489           0.754060           0.826740           0.754060           0.826740
        11.99248           0.765800           0.832713           0.765800           0.832713
        12.03007           0.783505           0.832595           0.783505           0.832595
        12.06767           0.803769           0.821592           0.803769           0.821592
        12.10526           0.818436           0.798723           0.818436           0.798722
        12.14286           0.820391           0.770140           0.820391           0.770140
        12.18045           0.809577           0.746218           0.809577           0.746218
        12.21804           0.794601           0.732917           0.794601           0.732917
        12.25564           0.783502           0.726449           0.783502           0.726449
        12.29323           0.776847           0.720491           0.776847           0.720491
        12.33083           0.771301           0.712328           0.771301           0.712328
        12.36842           0.763908           0.703019           0.763908           0.703020
        12.40601           0.754269           0.694864           0.754269           0.694864
        12.44361           0.743502           0.689142           0.743502           0.689142
        12.48120           0.732898           0.686776           0.732898           0.686776
        12.51880           0.726192           0.687385           0.726192           0.687384
        12.55639           0.724136           0.684832           0.724136           0.684832
        12.59398           0.719916           0.677491           0.719917           0.677491
        12.63158           0.711200           0.671025           0.711200           0.671025
        12.66917           0.701372           0.668445           0.701372           0.668445
        12.70677           0.694013           0.668926           0.694013           0.668926
        12.74436           0.690295           0.668834           0.690295           0.668834
        12.78195           0.687303           0.665956           0.687303           0.665956
        12.81955           0.682466           0.662342           0.682466           0.662342
        12.85714           0.677696           0.660700           0.677696           0.660700
        12.89474           0.675984           0.658612           0.675984           0.658612
        12.93233           0.674677           0.652797           0.674677           0.652797
        12.96992           0.671054           0.645198           0.671054           0.645198
        13.00752           0.665720           0.636233           0.665720           0.636233
        13.04511           0.655564           0.626096           0.655564           0.626096
        13.08271           0.639821           0.620647           0.639821           0.620647
        13.12030           0.624500           0.623403           0.624500           0.623403
        13.15789           0.615921           0.630768           0.615921           0.630768
        13.19549           0.613964           0.635708           0.613964           0.635708
        13.23308           0.613419           0.635579           0.613419           0.635579
        13.27067           0.610296           0.632678           0.610296           0.632678
        13.30827           0.604823           0.631305           0.604823           0.631305
        13.34586           0.601196           0.631991           0.601196           0.631991
        13.38346           0.600253           0.630758           0.600253           0.630758
        13.42105           0.598689           0.626122           0.598689           0.626122
        13.45864           0.594129           0.620054           0.594129           0.620054
        13.49624           0.586887           0.615205           0.586887           0.615205
        13.53383           0.578898           0.612727           0.578898           0.612728
        13.57143           0.572181           0.611867           0.572181           0.611867
        13.60902           0.567079           0.610452           0.567079           0.610452
        13.64662           0.561856           0.607135           0.561856           0.607135
        13.68421           0.554320           0.602605           0.554320           0.602605
        13.72180           0.543334           0.599242           0.543334           0.599242
        13.75940           0.530283           0.600139           0.530283           0.600139
        13.79699           0.518975           0.606009           0.518975           0.606009
        13.83459           0.511989           0.614305           0.511989           0.614305
        13.87218           0.509315           0.622469           0.509315           0.622469
        13.90977           0.510584           0.628450           0.510584           0.628450
        13.94737           0.513398           0.629762           0.513398           0.629762
        13.98496           0.513655           0.627742           0.513655           0.627742
        14.02256           0.511540           0.626203           0.511540           0.626203
        14.06015           0.509464           0.625301           0.509465           0.625301
        14.09774           0.507357           0.624063           0.507357           0.624063
        14.13534           0.505300           0.622552           0.505300           0.622552
        14.17293           0.502874           0.619836           0.502874           0.619836
        14.21053           0.498321           0.616760           0.498321           0.616760
        14.24812           0.492206           0.615623           0.492206           0.615623
        14.28571           0.486661           0.616808           0.486661           0.616808
        14.32331           0.482846           0.619383           0.482846           0.619383
        14.36090           0.481723           0.622304           0.481723           0.622304
        14.39849           0.483383           0.623219           0.483383           0.623219
        14.43609           0.485712           0.620491           0.485712           0.620491
        14.47368           0.486146           0.614462           0.486146           0.614462
        14.51128           0.483143           0.607218           0.483143           0.607218
        14.54887           0.477170           0.600878           0.477170           0.600878
        14.58646           0.469400           0.596414           0.469400           0.596414
        14.62406           0.460984           0.594030           0.460984           0.594030
        14.66165           0.452503           0.593505           0.452503           0.593505
        14.69925           0.444643           0.595221           0.444643           0.595221
        14.73684           0.439117           0.598734           0.439117           0.598734
        14.77444           0.436966           0.601829           0.436966           0.601829
        14.81203           0.436703           0.601762           0.436703           0.601762
        14.84962           0.434803           0.598559           0.434803           0.598559
        14.88722           0.430149           0.595353           0.430149           0.595353
        14.92481           0.424743           0.593205           0.424743           0.593205
        14.96240           0.418449           0.591318           0.418449           0.591318
        15.00000           0.411167           0.591311           0.411167           0.591311
        15.03759           0.405330           0.593368           0.405330           0.593368
        15.07519           0.401851           0.595398           0.401851           0.595398
        15.11278           0.399971           0.595534           0.399971           0.595534
        15.15037           0.397188           0.592902           0.397188           0.592902
        15.18797           0.391483           0.589885           0.391483           0.589885
        15.22556           0.384316           0.588749           0.384316           0.588749
        15.26316           0.377508           0.589357           0.377508           0.589357
        15.30075           0.371991           0.590526           0.371991           0.590526
        15.33835           0.367279           0.590822           0.367279           0.590822
        15.37594           0.361843           0.589869           0.361843           0.589869
        15.41353           0.354290           0.588850           0.354290           0.588850
        15.45113           0.344813           0.590110           0.344813           0.590110
        15.48872           0.336146           0.594858           0.336146           0.594858
        15.52632           0.330615           0.600838           0.330615           0.600838
        15.56391           0.326912           0.605499           0.326912           0.605499
        15.60150           0.323123           0.609548           0.323123           0.609548
        15.63910           0.320000           0.614079           0.320000           0.614079
        15.67669           0.318426           0.618053           0.318426           0.618053
        15.71428           0.317342           0.620037           0.317342           0.620037
        15.75188           0.314545           0.620758           0.314545           0.620758
        15.78947           0.310257           0.622798           0.310257           0.622798
        15.82707           0.307018           0.626456           0.307018           0.626456
        15.86466           0.305526           0.629379           0.305526           0.629379
        15.90226           0.303790           0.630561           0.303790           0.630561
        15.93985           0.300408           0.631368           0.300408           0.631368
        15.97744           0.295981           0.633441           0.295981           0.633441
        16.01504           0.291752           0.636978           0.291752           0.636978
        16.05263           0.288544           0.641740           0.288544           0.641740
        16.09023           0.287150           0.646767           0.287150           0.646767
        16.12782           0.287020           0.650804           0.287020           0.650804
        16.16541           0.286976           0.653787           0.286976           0.653787
        16.20301           0.286531           0.656873           0.286531           0.656873
        16.24060           0.287301           0.660821           0.287301           0.660821
        16.27819           0.290465           0.663441           0.290465           0.663441
        16.31579           0.294011           0.663082           0.294011           0.663082
        16.35338           0.296348           0.660481           0.296348           0.660481
        16.39098           0.296753           0.656194           0.296753           0.656194
        16.42857           0.294013           0.651319           0.294013           0.651319
        16.46616           0.288302           0.648460           0.288302           0.648460
        16.50376           0.282248           0.648815           0.282248           0.648815
        16.54135           0.277791           0.650898           0.277791           0.650898
        16.57895           0.274748           0.653027           0.274748           0.653027
        16.61654           0.272100           0.654672           0.272100           0.654672
        16.65413           0.269235           0.656504           0.269235           0.656504
        16.69173           0.266706           0.659050           0.266706           0.659050
        16.72932           0.265226           0.662255           0.265226           0.662255
        16.76692           0.265756           0.665106           0.265756           0.665106
        16.80451           0.267665           0.665744           0.267665           0.665744
        16.84210           0.269032           0.663276           0.269032           0.663276
        16.87970           0.267060           0.658490           0.267060           0.658490
        16.91729           0.260477           0.655051           0.260477           0.655051
        16.95489           0.251993           0.656168           0.251993           0.656168
        16.99248           0.245300           0.661345           0.245300           0.661345
        17.03008           0.241815           0.668236           0.241815           0.668236
        17.06767           0.241236           0.675170           0.241236           0.675170
        17.10526           0.243134           0.681516           0.243134           0.681516
        17.14285           0.247888           0.686563           0.247888           0.686563
        17.18045           0.255262           0.688048           0.255262           0.688048
        17.21804           0.262171           0.684228           0.262171           0.684228
        17.25564           0.265046           0.677073           0.265046           0.677073
        17.29323           0.263759           0.670430           0.263759           0.670430
        17.33083           0.261110           0.665749           0.261110           0.665749
        17.36842           0.258411           0.661469           0.258411           0.661469
        17.40601           0.254804           0.656912           0.254804           0.656912
        17.44361           0.249719           0.652682           0.249719           0.652682
        17.48120           0.243503           0.649607           0.243503           0.649607
        17.51880           0.236984           0.647630           0.236984           0.647630
        17.55639           0.230032           0.646174           0.230032           0.646174
        17.59398           0.222098           0.645796           0.222098           0.645796
        17.63158           0.213806           0.647410           0.213806           0.647410
        17.66917           0.206392           0.651008           0.206392           0.651008
        17.70677           0.200538           0.655703           0.200538           0.655703
        17.74436           0.196269           0.660777           0.196269           0.660777
        17.78195           0.193499           0.665560           0.193499           0.665560
        17.81955           0.191740           0.669502           0.191740           0.669502
        17.85714           0.190351           0.672413           0.190351           0.672413
        17.89474           0.188742           0.674545           0.188742           0.674545
        17.93233           0.186753           0.676237           0.186753           0.676237
        17.96992           0.184108           0.677753           0.184108           0.677753
        18.00752           0.180892           0.679838           0.180892           0.679838
        18.04511           0.177914           0.682648           0.177914           0.682648
        18.08271           0.175422           0.685569           0.175422           0.685569
        18.12030           0.172993           0.688496           0.172993           0.688496
        18.15789           0.170749           0.691776           0.170749           0.691776
        18.19549           0.169026           0.695234           0.169026           0.695234
        18.23308           0.167800           0.698601           0.167800           0.698601
        18.27068           0.166984           0.701784           0.166984           0.701784
        18.30827           0.166602           0.704724           0.166602           0.704724
        18.34586           0.166759           0.707184           0.166759           0.707184
        18.38346           0.167293           0.708528           0.167293           0.708528
        18.42105           0.167007           0.708328           0.167007           0.708328
        18.45864           0.164638           0.707837           0.164638           0.707837
        18.49624           0.160754           0.708873           0.160754           0.708873
        18.53383           0.157102           0.711880           0.157102           0.711880
        18.57143           0.154809           0.715736           0.154809           0.715736
        18.60902           0.153444           0.719238           0.153444           0.719238
        18.64661           0.152102           0.722476           0.152102           0.722476
        18.68421           0.150873           0.726140           0.150873           0.726140
        18.72180           0.150455           0.730093           0.150455           0.730093
        18.75940           0.150883           0.733647           0.150883           0.733646
        18.79699           0.151638           0.736440           0.151638           0.736440
        18.83459           0.152204           0.738800           0.152204           0.738800
        18.87218           0.152866           0.741134           0.152866           0.741134
        18.90977           0.153979           0.743027           0.153979           0.743027
        18.94737           0.154963           0.743879           0.154963           0.743879
        18.98496           0.154847           0.744246           0.154847           0.744246
        19.02256           0.153949           0.745215           0.153949           0.745215
        19.06015           0.152986           0.746710           0.152986           0.746710
        19.09774           0.151951           0.748670           0.151951           0.748670
        19.13534           0.151266           0.751207           0.151266           0.751207
        19.17293           0.151152           0.753842           0.151152           0.753842
        19.21053           0.151342           0.756401           0.151342           0.756401
        19.24812           0.151827           0.759002           0.151827           0.759002
        19.28571           0.152798           0.761554           0.152798           0.761554
        19.32331           0.154208           0.763750           0.154208           0.763750
        19.36090           0.155851           0.765514           0.155851           0.765514
        19.39849           0.157556           0.766785           0.157556           0.766785
        19.43609           0.159083           0.767747           0.159083           0.767747
        19.47368           0.160629           0.768687           0.160629           0.768687
        19.51128           0.162599           0.769261           0.162599           0.769261
        19.54887           0.164429           0.768786           0.164429           0.768786
        19.58647           0.165135           0.767807           0.165135           0.767807
        19.62406           0.164877           0.767451           0.164877           0.767451
        19.66165           0.164626           0.768085           0.164626           0.768085
        19.69925           0.165146           0.769164           0.165146           0.769164
        19.73684           0.166374           0.769709           0.166374           0.769709
        19.77444           0.167193           0.769442           0.167193           0.769442
        19.81203           0.167111           0.769622           0.167111           0.769622
        19.84962           0.167437           0.770940           0.167437           0.770940
        19.88722           0.169101           0.772240           0.169101           0.772240
        19.92481           0.171121           0.772529           0.171121           0.772529
        19.96240           0.172828           0.772796           0.172828           0.772796
        20.00000           0.175296           0.773283           0.175296           0.773283
# 
# 06/08/2026 at 11:59 yambo @ compute-8-01 [start]
# 06/08/2026 at 12:01                      [end]
#  
# Timing   [Min/Max/Average]: 02m-00s/02m-00s/02m-00s
#
# .-Input file  IPA-140.in
# | optics                           # [R] Linear Response optical properties
# | dipoles                          # [R] Oscillator strenghts (or dipoles)
# | kernel                           # [R] Kernel
# | chi                              # [R][CHI] Dyson equation for Chi.
# | BoseTemp= 0.000000         eV    # Bosonic Temperature
# | DIP_CPU= "4.2.2"                 # [PARALLEL] CPUs for each role
# | DIP_ROLEs= "v.c.k"               # [PARALLEL] CPUs roles (k,c,v)
# | DIP_Threads= 20                  # [OPENMP/X] Number of threads for dipoles
# | X_CPU= "4.2.2.1"                 # [PARALLEL] CPUs for each role
# | X_ROLEs= "c.v.k.q"               # [PARALLEL] CPUs roles (q,g,k,c,v)
# | X_nCPU_LinAlg_INV=  4            # [PARALLEL] CPUs for Linear Algebra (if -1 it is automatically set)
# | X_Threads= 20                    # [OPENMP/X] Number of threads for response functions
# | Chimod= "HARTREE"                # [X] IP/Hartree/ALDA/LRC/PF/BSfxc
# | % DipBands
# |    1 | 140 |                         # [DIP] Bands range for dipoles
# | %
# | DipComputed= "R V P [G-space]"   # [DIP] [default R P V; extra P2 Spin Orb]
# | NGsBlkXd= 1                RL    # [Xd] Response block size
# | % QpntsRXd
# |  1 | 1 |                             # [Xd] Transferred momenta
# | %
# | % BndsRnXd
# |    1 | 140 |                         # [Xd] Polarization function bands
# | %
# | % EnRngeXd
# |   5.00000 | 20.00000 |         eV    # [Xd] Energy range
# | %
# | % DmRngeXd
# |  0.100000 | 0.100000 |         eV    # [Xd] Damping range
# | %
# | ETStpsXd=  400                   # [Xd] Total Energy steps
# | % LongDrXd
# |  1.000000 | 0.000000 | 0.000000 |        # [Xd] [cc] Electric Field
# | %
