Final lattice vectors in Angstrom: 
     6.7529891415 0.0000000000 0.0000000000 
     0.0000000000 3.9277613333 0.0000000000 
     0.0000000000 0.0000000000 25.0000114991 

Lattice lengths in Angstrom: 
     a = 6.7529891415 
     b = 3.9277613333 
     c = 25.0000114991 

Parsed atoms: 
     Nb 0.2806534828 0.0708943820 0.4999999120 
     Nb 0.7193465172 0.0708943820 0.5000000880 
     O 0.2734102389 0.5297452159 0.4999984652 
     O 0.7265897611 0.5297452159 0.5000015348 
     Cl 0.0000018074 0.0185596087 0.5671842364 
     Cl 0.9999981926 0.0185596087 0.4328157636 
     Cl 0.4999973682 0.0272007934 0.5781584283 
     Cl 0.5000026318 0.0272007934 0.4218415717 
     
Symmetry analysis: 
     symprec space group No. point group 
     1.0e-02 Pmm2 25 mm2 
     1.0e-03 Pmm2 25 mm2 
     1.0e-04 Pmm2 25 mm2 
     1.0e-05 P2 3 2